2024-02-28 17:24:05 [main] INFO  com.alumni.AlumniApplication - Starting AlumniApplication using Java 21.0.1 on 192.168.1.6 with PID 68258 (/Library/PP/my-project/bysj24/alumni-association/alumni-api/alumni-admin/target/classes started by panpan in /Library/PP/my-project/bysj24/alumni-association/alumni-api)
2024-02-28 17:24:05 [background-preinit] INFO  o.h.validator.internal.util.Version - HV000001: Hibernate Validator 6.2.5.Final
2024-02-28 17:24:05 [main] INFO  com.alumni.AlumniApplication - The following 1 profile is active: "dev"
2024-02-28 17:24:08 [main] INFO  io.undertow.servlet - Initializing Spring embedded WebApplicationContext
2024-02-28 17:24:08 [main] INFO  c.b.d.d.DynamicRoutingDataSource - dynamic-datasource detect P6SPY plugin and enabled it
2024-02-28 17:24:08 [main] INFO  com.zaxxer.hikari.HikariDataSource - master - Starting...
2024-02-28 17:24:09 [main] INFO  com.zaxxer.hikari.HikariDataSource - master - Start completed.
2024-02-28 17:24:09 [main] INFO  c.b.d.d.DynamicRoutingDataSource - dynamic-datasource - add a datasource named [slave] success
2024-02-28 17:24:09 [main] INFO  c.b.d.d.DynamicRoutingDataSource - dynamic-datasource - add a datasource named [master] success
2024-02-28 17:24:09 [main] INFO  c.b.d.d.DynamicRoutingDataSource - dynamic-datasource initial loaded [2] datasource,primary datasource named [master]
2024-02-28 17:24:10 [main] INFO  c.a.framework.config.JacksonConfig - 初始化 jackson 配置
2024-02-28 17:24:10 [main] INFO  c.a.framework.config.RedisConfig - 初始化 redis 配置
2024-02-28 17:24:10 [main] INFO  org.redisson.Version - Redisson 3.20.1
2024-02-28 17:24:11 [redisson-netty-2-6] INFO  o.r.c.p.MasterPubSubConnectionPool - 1 connections initialized for 43.142.255.148/43.142.255.148:6379
2024-02-28 17:24:11 [redisson-netty-2-3] INFO  o.r.c.pool.MasterConnectionPool - 8 connections initialized for 43.142.255.148/43.142.255.148:6379
2024-02-28 17:24:13 [main] INFO  io.undertow - starting server: Undertow - 2.2.28.Final
2024-02-28 17:24:13 [main] INFO  org.xnio - XNIO version 3.8.7.Final
2024-02-28 17:24:13 [main] INFO  org.xnio.nio - XNIO NIO Implementation Version 3.8.7.Final
2024-02-28 17:24:13 [main] INFO  org.jboss.threads - JBoss Threads version 3.1.0.Final
2024-02-28 17:24:13 [main] INFO  com.alumni.AlumniApplication - Started AlumniApplication in 8.476 seconds (JVM running for 9.267)
2024-02-28 17:24:13 [main] INFO  c.a.s.runner.SystemApplicationRunner - 初始化OSS配置成功
2024-02-28 17:24:14 [main] INFO  c.a.s.runner.SystemApplicationRunner - 加载参数缓存数据成功
2024-02-28 17:24:14 [main] INFO  c.a.s.runner.SystemApplicationRunner - 加载字典缓存数据成功
2024-02-28 17:24:14 [RMI TCP Connection(2)-192.168.1.6] INFO  io.undertow.servlet - Initializing Spring DispatcherServlet 'dispatcherServlet'
2024-02-28 17:24:23 [XNIO-1 task-1] INFO  c.a.f.i.PlusWebInvokeTimeInterceptor - [PLUS]开始请求 => URL[GET /captchaImage],无参数
2024-02-28 17:24:25 [XNIO-1 task-1] INFO  c.a.f.i.PlusWebInvokeTimeInterceptor - [PLUS]结束请求 => URL[GET /captchaImage],耗时:[1597]毫秒
2024-02-28 17:24:27 [XNIO-1 task-1] INFO  c.a.f.i.PlusWebInvokeTimeInterceptor - [PLUS]开始请求 => URL[POST /login],参数类型[json],参数:[{"username":"admin","password":"admin123","code":"3","uuid":"bfb5b9f5f3fb4083b2ba255637e82350"}]
2024-02-28 17:24:28 [XNIO-1 task-1] INFO  c.a.f.listener.UserActionListener - user doLogin, userId:sys_user:1, token:eyJ0eXAiOiJKV1QiLCJhbGciOiJIUzI1NiJ9.eyJsb2dpblR5cGUiOiJsb2dpbiIsImxvZ2luSWQiOiJzeXNfdXNlcjoxIiwicm5TdHIiOiJjaUpaRGtxenNvQzdsdmNIVGR6d3F3ZUwxQ2R3d21iOCIsInVzZXJJZCI6MX0.zAc4qwQUiOmieh5K1tbuIiW8L4J6Q73LWXsn8lRCe2A
2024-02-28 17:24:28 [schedule-pool-1] INFO  c.a.s.s.i.SysLogininforServiceImpl - [0:0:0:0:0:0:0:1]内网IP[admin][Success][登录成功]
2024-02-28 17:24:28 [XNIO-1 task-1] INFO  c.a.f.i.PlusWebInvokeTimeInterceptor - [PLUS]结束请求 => URL[POST /login],耗时:[1150]毫秒
2024-02-28 17:24:28 [XNIO-1 task-1] INFO  c.a.f.i.PlusWebInvokeTimeInterceptor - [PLUS]开始请求 => URL[GET /getInfo],无参数
2024-02-28 17:24:29 [XNIO-1 task-1] INFO  c.a.f.i.PlusWebInvokeTimeInterceptor - [PLUS]结束请求 => URL[GET /getInfo],耗时:[289]毫秒
2024-02-28 17:24:29 [XNIO-1 task-1] INFO  c.a.f.i.PlusWebInvokeTimeInterceptor - [PLUS]开始请求 => URL[GET /getRouters],无参数
2024-02-28 17:24:29 [XNIO-1 task-1] INFO  c.a.f.i.PlusWebInvokeTimeInterceptor - [PLUS]结束请求 => URL[GET /getRouters],耗时:[158]毫秒
2024-02-28 17:24:37 [XNIO-1 task-3] INFO  c.a.f.i.PlusWebInvokeTimeInterceptor - [PLUS]开始请求 => URL[GET /system/user/deptTree],无参数
2024-02-28 17:24:37 [XNIO-1 task-2] INFO  c.a.f.i.PlusWebInvokeTimeInterceptor - [PLUS]开始请求 => URL[GET /system/dict/data/type/sys_user_sex],无参数
2024-02-28 17:24:37 [XNIO-1 task-1] INFO  c.a.f.i.PlusWebInvokeTimeInterceptor - [PLUS]开始请求 => URL[GET /system/dict/data/type/sys_normal_disable],无参数
2024-02-28 17:24:37 [XNIO-1 task-5] INFO  c.a.f.i.PlusWebInvokeTimeInterceptor - [PLUS]开始请求 => URL[GET /system/config/configKey/sys.user.initPassword],无参数
2024-02-28 17:24:37 [XNIO-1 task-4] INFO  c.a.f.i.PlusWebInvokeTimeInterceptor - [PLUS]开始请求 => URL[GET /system/user/list],参数类型[param],参数:[{"pageSize":["10"],"pageNum":["1"]}]
2024-02-28 17:24:38 [XNIO-1 task-1] INFO  c.a.f.i.PlusWebInvokeTimeInterceptor - [PLUS]结束请求 => URL[GET /system/dict/data/type/sys_normal_disable],耗时:[161]毫秒
2024-02-28 17:24:38 [XNIO-1 task-2] INFO  c.a.f.i.PlusWebInvokeTimeInterceptor - [PLUS]结束请求 => URL[GET /system/dict/data/type/sys_user_sex],耗时:[162]毫秒
2024-02-28 17:24:38 [XNIO-1 task-5] INFO  c.a.f.i.PlusWebInvokeTimeInterceptor - [PLUS]结束请求 => URL[GET /system/config/configKey/sys.user.initPassword],耗时:[169]毫秒
2024-02-28 17:24:38 [XNIO-1 task-3] INFO  c.a.f.i.PlusWebInvokeTimeInterceptor - [PLUS]结束请求 => URL[GET /system/user/deptTree],耗时:[434]毫秒
2024-02-28 17:24:38 [XNIO-1 task-4] INFO  c.a.f.i.PlusWebInvokeTimeInterceptor - [PLUS]结束请求 => URL[GET /system/user/list],耗时:[445]毫秒
2024-02-28 17:24:51 [XNIO-1 task-4] INFO  c.a.f.i.PlusWebInvokeTimeInterceptor - [PLUS]开始请求 => URL[POST /logout],无参数
2024-02-28 17:24:51 [schedule-pool-1] INFO  c.a.s.s.i.SysLogininforServiceImpl - [0:0:0:0:0:0:0:1]内网IP[admin][Logout][退出成功]
2024-02-28 17:24:51 [XNIO-1 task-4] INFO  c.a.f.listener.UserActionListener - user doLogout, userId:sys_user:1, token:eyJ0eXAiOiJKV1QiLCJhbGciOiJIUzI1NiJ9.eyJsb2dpblR5cGUiOiJsb2dpbiIsImxvZ2luSWQiOiJzeXNfdXNlcjoxIiwicm5TdHIiOiJjaUpaRGtxenNvQzdsdmNIVGR6d3F3ZUwxQ2R3d21iOCIsInVzZXJJZCI6MX0.zAc4qwQUiOmieh5K1tbuIiW8L4J6Q73LWXsn8lRCe2A
2024-02-28 17:24:51 [XNIO-1 task-4] INFO  c.a.f.i.PlusWebInvokeTimeInterceptor - [PLUS]结束请求 => URL[POST /logout],耗时:[327]毫秒
2024-02-28 17:24:52 [XNIO-1 task-4] INFO  c.a.f.i.PlusWebInvokeTimeInterceptor - [PLUS]开始请求 => URL[GET /captchaImage],无参数
2024-02-28 17:24:52 [XNIO-1 task-4] INFO  c.a.f.i.PlusWebInvokeTimeInterceptor - [PLUS]结束请求 => URL[GET /captchaImage],耗时:[50]毫秒
2024-02-28 17:24:56 [XNIO-1 task-4] INFO  c.a.f.i.PlusWebInvokeTimeInterceptor - [PLUS]开始请求 => URL[GET /captchaImage],无参数
2024-02-28 17:24:56 [XNIO-1 task-4] INFO  c.a.f.i.PlusWebInvokeTimeInterceptor - [PLUS]结束请求 => URL[GET /captchaImage],耗时:[183]毫秒
2024-02-28 17:25:17 [SpringApplicationShutdownHook] INFO  io.undertow - stopping server: Undertow - 2.2.28.Final
2024-02-28 17:25:17 [SpringApplicationShutdownHook] INFO  io.undertow.servlet - Destroying Spring FrameworkServlet 'dispatcherServlet'
2024-02-28 17:25:17 [SpringApplicationShutdownHook] INFO  c.a.f.manager.ShutdownManager - ====关闭后台任务任务线程池====
2024-02-28 17:25:17 [SpringApplicationShutdownHook] INFO  c.b.d.d.DynamicRoutingDataSource - dynamic-datasource start closing ....
2024-02-28 17:25:17 [SpringApplicationShutdownHook] INFO  com.zaxxer.hikari.HikariDataSource - master - Shutdown initiated...
2024-02-28 17:25:17 [SpringApplicationShutdownHook] INFO  com.zaxxer.hikari.HikariDataSource - master - Shutdown completed.
2024-02-28 17:25:17 [SpringApplicationShutdownHook] INFO  c.b.d.d.DynamicRoutingDataSource - dynamic-datasource all closed success,bye
