2024-03-05 12:16:57 [main] INFO  com.house.HouseApplication - Starting HouseApplication using Java 21.0.1 on 192.168.1.6 with PID 58083 (/Library/PP/my-project/bysj24/house/house/house-admin/target/classes started by panpan in /Library/PP/my-project/bysj24/house/house)
2024-03-05 12:16:57 [background-preinit] INFO  o.h.validator.internal.util.Version - HV000001: Hibernate Validator 6.2.5.Final
2024-03-05 12:16:57 [main] INFO  com.house.HouseApplication - The following 1 profile is active: "dev"
2024-03-05 12:17:02 [main] INFO  io.undertow.servlet - Initializing Spring embedded WebApplicationContext
2024-03-05 12:17:03 [main] INFO  c.b.d.d.DynamicRoutingDataSource - dynamic-datasource detect P6SPY plugin and enabled it
2024-03-05 12:17:03 [main] INFO  com.zaxxer.hikari.HikariDataSource - master - Starting...
2024-03-05 12:17:04 [main] INFO  com.zaxxer.hikari.HikariDataSource - master - Start completed.
2024-03-05 12:17:04 [main] INFO  c.b.d.d.DynamicRoutingDataSource - dynamic-datasource - add a datasource named [slave] success
2024-03-05 12:17:04 [main] INFO  c.b.d.d.DynamicRoutingDataSource - dynamic-datasource - add a datasource named [master] success
2024-03-05 12:17:04 [main] INFO  c.b.d.d.DynamicRoutingDataSource - dynamic-datasource initial loaded [2] datasource,primary datasource named [master]
2024-03-05 12:17:06 [main] INFO  c.h.framework.config.JacksonConfig - 初始化 jackson 配置
2024-03-05 12:17:06 [main] INFO  c.house.framework.config.RedisConfig - 初始化 redis 配置
2024-03-05 12:17:06 [main] INFO  org.redisson.Version - Redisson 3.20.1
2024-03-05 12:17:06 [main] WARN  i.n.r.d.DnsServerAddressStreamProviders - Can not find io.netty.resolver.dns.macos.MacOSDnsServerAddressStreamProvider in the classpath, fallback to system defaults. This may result in incorrect DNS resolutions on MacOS. Check whether you have a dependency on 'io.netty:netty-resolver-dns-native-macos'
2024-03-05 12:17:08 [redisson-netty-2-6] INFO  o.r.c.p.MasterPubSubConnectionPool - 1 connections initialized for 43.142.255.148/43.142.255.148:6379
2024-03-05 12:17:08 [redisson-netty-2-3] INFO  o.r.c.pool.MasterConnectionPool - 8 connections initialized for 43.142.255.148/43.142.255.148:6379
2024-03-05 12:17:09 [main] INFO  com.house.job.config.XxlJobConfig - >>>>>>>>>>> xxl-job config init.
2024-03-05 12:17:11 [main] INFO  c.x.job.core.executor.XxlJobExecutor - >>>>>>>>>>> xxl-job register jobhandler success, name:shardingJobHandler, jobHandler:com.xxl.job.core.handler.impl.MethodJobHandler@7d440378[class com.house.job.service.SampleService#shardingJobHandler]
2024-03-05 12:17:11 [main] INFO  c.x.job.core.executor.XxlJobExecutor - >>>>>>>>>>> xxl-job register jobhandler success, name:commandJobHandler, jobHandler:com.xxl.job.core.handler.impl.MethodJobHandler@6d1c15cb[class com.house.job.service.SampleService#commandJobHandler]
2024-03-05 12:17:11 [main] INFO  c.x.job.core.executor.XxlJobExecutor - >>>>>>>>>>> xxl-job register jobhandler success, name:demoJobHandler2, jobHandler:com.xxl.job.core.handler.impl.MethodJobHandler@7597ae32[class com.house.job.service.SampleService#demoJobHandler2]
2024-03-05 12:17:11 [main] INFO  c.x.job.core.executor.XxlJobExecutor - >>>>>>>>>>> xxl-job register jobhandler success, name:demoJobHandler, jobHandler:com.xxl.job.core.handler.impl.MethodJobHandler@615f61ec[class com.house.job.service.SampleService#demoJobHandler]
2024-03-05 12:17:11 [main] INFO  c.x.job.core.executor.XxlJobExecutor - >>>>>>>>>>> xxl-job register jobhandler success, name:httpJobHandler, jobHandler:com.xxl.job.core.handler.impl.MethodJobHandler@3c5de17c[class com.house.job.service.SampleService#httpJobHandler]
2024-03-05 12:17:11 [Thread-8] INFO  com.xxl.job.core.server.EmbedServer - >>>>>>>>>>> xxl-job remoting server start success, nettype = class com.xxl.job.core.server.EmbedServer, port = 28080
2024-03-05 12:17:11 [main] INFO  io.undertow - starting server: Undertow - 2.2.28.Final
2024-03-05 12:17:11 [xxl-job, executor ExecutorRegistryThread] ERROR c.x.job.core.util.XxlJobRemotingUtil - Connection refused
java.net.ConnectException: Connection refused
	at java.base/sun.nio.ch.Net.pollConnect(Native Method)
	at java.base/sun.nio.ch.Net.pollConnectNow(Net.java:682)
	at java.base/sun.nio.ch.NioSocketImpl.timedFinishConnect(NioSocketImpl.java:542)
	at java.base/sun.nio.ch.NioSocketImpl.connect(NioSocketImpl.java:592)
	at java.base/java.net.Socket.connect(Socket.java:751)
	at java.base/sun.net.NetworkClient.doConnect(NetworkClient.java:178)
	at java.base/sun.net.www.http.HttpClient.openServer(HttpClient.java:531)
	at java.base/sun.net.www.http.HttpClient.openServer(HttpClient.java:636)
	at java.base/sun.net.www.http.HttpClient.<init>(HttpClient.java:280)
	at java.base/sun.net.www.http.HttpClient.New(HttpClient.java:386)
	at java.base/sun.net.www.http.HttpClient.New(HttpClient.java:408)
	at java.base/sun.net.www.protocol.http.HttpURLConnection.getNewHttpClient(HttpURLConnection.java:1304)
	at java.base/sun.net.www.protocol.http.HttpURLConnection.plainConnect0(HttpURLConnection.java:1237)
	at java.base/sun.net.www.protocol.http.HttpURLConnection.plainConnect(HttpURLConnection.java:1123)
	at java.base/sun.net.www.protocol.http.HttpURLConnection.connect(HttpURLConnection.java:1052)
	at com.xxl.job.core.util.XxlJobRemotingUtil.postBody(XxlJobRemotingUtil.java:99)
	at com.xxl.job.core.biz.client.AdminBizClient.registry(AdminBizClient.java:42)
	at com.xxl.job.core.thread.ExecutorRegistryThread$1.run(ExecutorRegistryThread.java:48)
	at java.base/java.lang.Thread.run(Thread.java:1583)
2024-03-05 12:17:11 [xxl-job, executor ExecutorRegistryThread] INFO  c.x.j.c.t.ExecutorRegistryThread - >>>>>>>>>>> xxl-job registry fail, registryParam:RegistryParam{registryGroup='EXECUTOR', registryKey='xxl-job-executor', registryValue='http://192.168.1.6:28080/'}, registryResult:ReturnT [code=500, msg=xxl-job remoting error(Connection refused), for url : http://localhost:9100/xxl-job-admin/api/registry, content=null]
2024-03-05 12:17:11 [main] INFO  org.xnio - XNIO version 3.8.7.Final
2024-03-05 12:17:12 [main] INFO  org.xnio.nio - XNIO NIO Implementation Version 3.8.7.Final
2024-03-05 12:17:12 [main] INFO  org.jboss.threads - JBoss Threads version 3.1.0.Final
2024-03-05 12:17:12 [main] INFO  com.house.HouseApplication - Started HouseApplication in 15.602 seconds (JVM running for 16.51)
2024-03-05 12:17:12 [main] INFO  c.h.s.runner.SystemApplicationRunner - 初始化OSS配置成功
2024-03-05 12:17:12 [main] INFO  c.h.s.runner.SystemApplicationRunner - 加载参数缓存数据成功
2024-03-05 12:17:13 [main] INFO  c.h.s.runner.SystemApplicationRunner - 加载字典缓存数据成功
2024-03-05 12:17:13 [registrationTask1] INFO  d.c.b.a.c.r.ApplicationRegistrator - Application registered itself as 2b36aeea3dc7
2024-03-05 12:17:13 [XNIO-1 task-1] INFO  io.undertow.servlet - Initializing Spring DispatcherServlet 'dispatcherServlet'
2024-03-05 12:18:04 [XNIO-1 task-1] INFO  c.h.f.i.PlusWebInvokeTimeInterceptor - [PLUS]开始请求 => URL[GET /],无参数
2024-03-05 12:18:05 [XNIO-1 task-1] INFO  c.h.f.i.PlusWebInvokeTimeInterceptor - [PLUS]结束请求 => URL[GET /],耗时:[7]毫秒
2024-03-05 12:18:44 [SpringApplicationShutdownHook] INFO  io.undertow - stopping server: Undertow - 2.2.28.Final
2024-03-05 12:18:44 [SpringApplicationShutdownHook] INFO  io.undertow.servlet - Destroying Spring FrameworkServlet 'dispatcherServlet'
2024-03-05 12:18:44 [Thread-8] INFO  com.xxl.job.core.server.EmbedServer - >>>>>>>>>>> xxl-job remoting server stop.
2024-03-05 12:18:44 [xxl-job, executor ExecutorRegistryThread] INFO  c.x.j.c.t.ExecutorRegistryThread - >>>>>>>>>>> xxl-job registry-remove success, registryParam:RegistryParam{registryGroup='EXECUTOR', registryKey='xxl-job-executor', registryValue='http://192.168.1.6:28080/'}, registryResult:ReturnT [code=200, msg=null, content=null]
2024-03-05 12:18:44 [xxl-job, executor ExecutorRegistryThread] INFO  c.x.j.c.t.ExecutorRegistryThread - >>>>>>>>>>> xxl-job, executor registry thread destroy.
2024-03-05 12:18:44 [SpringApplicationShutdownHook] INFO  com.xxl.job.core.server.EmbedServer - >>>>>>>>>>> xxl-job remoting server destroy success.
2024-03-05 12:18:44 [xxl-job, executor JobLogFileCleanThread] INFO  c.x.j.c.thread.JobLogFileCleanThread - >>>>>>>>>>> xxl-job, executor JobLogFileCleanThread thread destroy.
2024-03-05 12:18:44 [xxl-job, executor TriggerCallbackThread] INFO  c.x.j.c.thread.TriggerCallbackThread - >>>>>>>>>>> xxl-job, executor callback thread destroy.
2024-03-05 12:18:44 [Thread-7] INFO  c.x.j.c.thread.TriggerCallbackThread - >>>>>>>>>>> xxl-job, executor retry callback thread destroy.
2024-03-05 12:18:44 [SpringApplicationShutdownHook] INFO  c.h.f.manager.ShutdownManager - ====关闭后台任务任务线程池====
2024-03-05 12:18:44 [SpringApplicationShutdownHook] INFO  c.b.d.d.DynamicRoutingDataSource - dynamic-datasource start closing ....
2024-03-05 12:18:44 [SpringApplicationShutdownHook] INFO  com.zaxxer.hikari.HikariDataSource - master - Shutdown initiated...
2024-03-05 12:18:44 [SpringApplicationShutdownHook] INFO  com.zaxxer.hikari.HikariDataSource - master - Shutdown completed.
2024-03-05 12:18:44 [SpringApplicationShutdownHook] INFO  c.b.d.d.DynamicRoutingDataSource - dynamic-datasource all closed success,bye
2024-03-05 12:21:40 [background-preinit] INFO  o.h.validator.internal.util.Version - HV000001: Hibernate Validator 6.2.5.Final
2024-03-05 12:21:40 [main] INFO  com.house.HouseApplication - Starting HouseApplication using Java 21.0.1 on 192.168.1.6 with PID 58277 (/Library/PP/my-project/bysj24/house/house/house-admin/target/classes started by panpan in /Library/PP/my-project/bysj24/house/house)
2024-03-05 12:21:40 [main] INFO  com.house.HouseApplication - The following 1 profile is active: "dev"
2024-03-05 12:21:43 [main] INFO  io.undertow.servlet - Initializing Spring embedded WebApplicationContext
2024-03-05 12:21:43 [main] INFO  c.b.d.d.DynamicRoutingDataSource - dynamic-datasource detect P6SPY plugin and enabled it
2024-03-05 12:21:43 [main] INFO  com.zaxxer.hikari.HikariDataSource - master - Starting...
2024-03-05 12:21:49 [main] ERROR com.zaxxer.hikari.pool.HikariPool - master - Exception during pool initialization.
java.sql.SQLNonTransientConnectionException: Could not create connection to database server. Attempted reconnect 3 times. Giving up.
	at com.mysql.cj.jdbc.exceptions.SQLError.createSQLException(SQLError.java:111)
	at com.mysql.cj.jdbc.exceptions.SQLError.createSQLException(SQLError.java:98)
	at com.mysql.cj.jdbc.exceptions.SQLError.createSQLException(SQLError.java:90)
	at com.mysql.cj.jdbc.exceptions.SQLError.createSQLException(SQLError.java:64)
	at com.mysql.cj.jdbc.exceptions.SQLError.createSQLException(SQLError.java:74)
	at com.mysql.cj.jdbc.ConnectionImpl.connectWithRetries(ConnectionImpl.java:895)
	at com.mysql.cj.jdbc.ConnectionImpl.createNewIO(ConnectionImpl.java:820)
	at com.mysql.cj.jdbc.ConnectionImpl.<init>(ConnectionImpl.java:446)
	at com.mysql.cj.jdbc.ConnectionImpl.getInstance(ConnectionImpl.java:239)
	at com.mysql.cj.jdbc.NonRegisteringDriver.connect(NonRegisteringDriver.java:188)
	at com.zaxxer.hikari.util.DriverDataSource.getConnection(DriverDataSource.java:138)
	at com.zaxxer.hikari.pool.PoolBase.newConnection(PoolBase.java:364)
	at com.zaxxer.hikari.pool.PoolBase.newPoolEntry(PoolBase.java:206)
	at com.zaxxer.hikari.pool.HikariPool.createPoolEntry(HikariPool.java:476)
	at com.zaxxer.hikari.pool.HikariPool.checkFailFast(HikariPool.java:561)
	at com.zaxxer.hikari.pool.HikariPool.<init>(HikariPool.java:115)
	at com.zaxxer.hikari.HikariDataSource.<init>(HikariDataSource.java:81)
	at com.baomidou.dynamic.datasource.creator.HikariDataSourceCreator.doCreateDataSource(HikariDataSourceCreator.java:82)
	at com.baomidou.dynamic.datasource.creator.AbstractDataSourceCreator.createDataSource(AbstractDataSourceCreator.java:70)
	at com.baomidou.dynamic.datasource.creator.DefaultDataSourceCreator.createDataSource(DefaultDataSourceCreator.java:48)
	at com.baomidou.dynamic.datasource.provider.AbstractDataSourceProvider.createDataSourceMap(AbstractDataSourceProvider.java:47)
	at com.baomidou.dynamic.datasource.provider.YmlDynamicDataSourceProvider.loadDataSources(YmlDynamicDataSourceProvider.java:42)
	at com.baomidou.dynamic.datasource.DynamicRoutingDataSource.afterPropertiesSet(DynamicRoutingDataSource.java:225)
	at org.springframework.beans.factory.support.AbstractAutowireCapableBeanFactory.invokeInitMethods(AbstractAutowireCapableBeanFactory.java:1863)
	at org.springframework.beans.factory.support.AbstractAutowireCapableBeanFactory.initializeBean(AbstractAutowireCapableBeanFactory.java:1800)
	at org.springframework.beans.factory.support.AbstractAutowireCapableBeanFactory.doCreateBean(AbstractAutowireCapableBeanFactory.java:620)
	at org.springframework.beans.factory.support.AbstractAutowireCapableBeanFactory.createBean(AbstractAutowireCapableBeanFactory.java:542)
	at org.springframework.beans.factory.support.AbstractBeanFactory.lambda$doGetBean$0(AbstractBeanFactory.java:335)
	at org.springframework.beans.factory.support.DefaultSingletonBeanRegistry.getSingleton(DefaultSingletonBeanRegistry.java:234)
	at org.springframework.beans.factory.support.AbstractBeanFactory.doGetBean(AbstractBeanFactory.java:333)
	at org.springframework.beans.factory.support.AbstractBeanFactory.getBean(AbstractBeanFactory.java:208)
	at org.springframework.beans.factory.config.DependencyDescriptor.resolveCandidate(DependencyDescriptor.java:276)
	at org.springframework.beans.factory.support.DefaultListableBeanFactory.addCandidateEntry(DefaultListableBeanFactory.java:1609)
	at org.springframework.beans.factory.support.DefaultListableBeanFactory.findAutowireCandidates(DefaultListableBeanFactory.java:1573)
	at org.springframework.beans.factory.support.DefaultListableBeanFactory.resolveMultipleBeans(DefaultListableBeanFactory.java:1492)
	at org.springframework.beans.factory.support.DefaultListableBeanFactory.doResolveDependency(DefaultListableBeanFactory.java:1349)
	at org.springframework.beans.factory.support.DefaultListableBeanFactory.resolveDependency(DefaultListableBeanFactory.java:1311)
	at org.springframework.beans.factory.support.ConstructorResolver.resolveAutowiredArgument(ConstructorResolver.java:911)
	at org.springframework.beans.factory.support.ConstructorResolver.createArgumentArray(ConstructorResolver.java:788)
	at org.springframework.beans.factory.support.ConstructorResolver.instantiateUsingFactoryMethod(ConstructorResolver.java:536)
	at org.springframework.beans.factory.support.AbstractAutowireCapableBeanFactory.instantiateUsingFactoryMethod(AbstractAutowireCapableBeanFactory.java:1352)
	at org.springframework.beans.factory.support.AbstractAutowireCapableBeanFactory.createBeanInstance(AbstractAutowireCapableBeanFactory.java:1195)
	at org.springframework.beans.factory.support.AbstractAutowireCapableBeanFactory.doCreateBean(AbstractAutowireCapableBeanFactory.java:582)
	at org.springframework.beans.factory.support.AbstractAutowireCapableBeanFactory.createBean(AbstractAutowireCapableBeanFactory.java:542)
	at org.springframework.beans.factory.support.AbstractBeanFactory.lambda$doGetBean$0(AbstractBeanFactory.java:335)
	at org.springframework.beans.factory.support.DefaultSingletonBeanRegistry.getSingleton(DefaultSingletonBeanRegistry.java:234)
	at org.springframework.beans.factory.support.AbstractBeanFactory.doGetBean(AbstractBeanFactory.java:333)
	at org.springframework.beans.factory.support.AbstractBeanFactory.getBean(AbstractBeanFactory.java:208)
	at org.springframework.beans.factory.config.DependencyDescriptor.resolveCandidate(DependencyDescriptor.java:276)
	at org.springframework.beans.factory.support.DefaultListableBeanFactory.addCandidateEntry(DefaultListableBeanFactory.java:1616)
	at org.springframework.beans.factory.support.DefaultListableBeanFactory.findAutowireCandidates(DefaultListableBeanFactory.java:1573)
	at org.springframework.beans.factory.support.DefaultListableBeanFactory.resolveMultipleBeans(DefaultListableBeanFactory.java:1417)
	at org.springframework.beans.factory.support.DefaultListableBeanFactory.doResolveDependency(DefaultListableBeanFactory.java:1349)
	at org.springframework.beans.factory.support.DefaultListableBeanFactory$DependencyObjectProvider.resolveStream(DefaultListableBeanFactory.java:2119)
	at org.springframework.beans.factory.support.DefaultListableBeanFactory$DependencyObjectProvider.orderedStream(DefaultListableBeanFactory.java:2113)
	at org.springframework.boot.actuate.autoconfigure.metrics.MeterRegistryConfigurer.addBinders(MeterRegistryConfigurer.java:87)
	at org.springframework.boot.actuate.autoconfigure.metrics.MeterRegistryConfigurer.configure(MeterRegistryConfigurer.java:68)
	at org.springframework.boot.actuate.autoconfigure.metrics.MeterRegistryPostProcessor.postProcessAfterInitialization(MeterRegistryPostProcessor.java:64)
	at org.springframework.beans.factory.support.AbstractAutowireCapableBeanFactory.applyBeanPostProcessorsAfterInitialization(AbstractAutowireCapableBeanFactory.java:455)
	at org.springframework.beans.factory.support.AbstractAutowireCapableBeanFactory.initializeBean(AbstractAutowireCapableBeanFactory.java:1808)
	at org.springframework.beans.factory.support.AbstractAutowireCapableBeanFactory.doCreateBean(AbstractAutowireCapableBeanFactory.java:620)
	at org.springframework.beans.factory.support.AbstractAutowireCapableBeanFactory.createBean(AbstractAutowireCapableBeanFactory.java:542)
	at org.springframework.beans.factory.support.AbstractBeanFactory.lambda$doGetBean$0(AbstractBeanFactory.java:335)
	at org.springframework.beans.factory.support.DefaultSingletonBeanRegistry.getSingleton(DefaultSingletonBeanRegistry.java:234)
	at org.springframework.beans.factory.support.AbstractBeanFactory.doGetBean(AbstractBeanFactory.java:333)
	at org.springframework.beans.factory.support.AbstractBeanFactory.getBean(AbstractBeanFactory.java:208)
	at org.springframework.beans.factory.config.DependencyDescriptor.resolveCandidate(DependencyDescriptor.java:276)
	at org.springframework.beans.factory.support.DefaultListableBeanFactory.doResolveDependency(DefaultListableBeanFactory.java:1391)
	at org.springframework.beans.factory.support.DefaultListableBeanFactory.resolveDependency(DefaultListableBeanFactory.java:1311)
	at org.springframework.beans.factory.support.ConstructorResolver.resolveAutowiredArgument(ConstructorResolver.java:911)
	at org.springframework.beans.factory.support.ConstructorResolver.createArgumentArray(ConstructorResolver.java:788)
	at org.springframework.beans.factory.support.ConstructorResolver.instantiateUsingFactoryMethod(ConstructorResolver.java:536)
	at org.springframework.beans.factory.support.AbstractAutowireCapableBeanFactory.instantiateUsingFactoryMethod(AbstractAutowireCapableBeanFactory.java:1352)
	at org.springframework.beans.factory.support.AbstractAutowireCapableBeanFactory.createBeanInstance(AbstractAutowireCapableBeanFactory.java:1195)
	at org.springframework.beans.factory.support.AbstractAutowireCapableBeanFactory.doCreateBean(AbstractAutowireCapableBeanFactory.java:582)
	at org.springframework.beans.factory.support.AbstractAutowireCapableBeanFactory.createBean(AbstractAutowireCapableBeanFactory.java:542)
	at org.springframework.beans.factory.support.AbstractBeanFactory.lambda$doGetBean$0(AbstractBeanFactory.java:335)
	at org.springframework.beans.factory.support.DefaultSingletonBeanRegistry.getSingleton(DefaultSingletonBeanRegistry.java:234)
	at org.springframework.beans.factory.support.AbstractBeanFactory.doGetBean(AbstractBeanFactory.java:333)
	at org.springframework.beans.factory.support.AbstractBeanFactory.getBean(AbstractBeanFactory.java:213)
	at org.springframework.boot.web.servlet.ServletContextInitializerBeans.getOrderedBeansOfType(ServletContextInitializerBeans.java:213)
	at org.springframework.boot.web.servlet.ServletContextInitializerBeans.getOrderedBeansOfType(ServletContextInitializerBeans.java:204)
	at org.springframework.boot.web.servlet.ServletContextInitializerBeans.addServletContextInitializerBeans(ServletContextInitializerBeans.java:98)
	at org.springframework.boot.web.servlet.ServletContextInitializerBeans.<init>(ServletContextInitializerBeans.java:86)
	at org.springframework.boot.web.servlet.context.ServletWebServerApplicationContext.getServletContextInitializerBeans(ServletWebServerApplicationContext.java:262)
	at org.springframework.boot.web.servlet.context.ServletWebServerApplicationContext.selfInitialize(ServletWebServerApplicationContext.java:236)
	at org.springframework.boot.web.embedded.undertow.UndertowServletWebServerFactory$Initializer.onStartup(UndertowServletWebServerFactory.java:508)
	at io.undertow.servlet.core.DeploymentManagerImpl$1.call(DeploymentManagerImpl.java:204)
	at io.undertow.servlet.core.DeploymentManagerImpl$1.call(DeploymentManagerImpl.java:187)
	at io.undertow.servlet.core.ServletRequestContextThreadSetupAction$1.call(ServletRequestContextThreadSetupAction.java:42)
	at io.undertow.servlet.core.ContextClassLoaderSetupAction$1.call(ContextClassLoaderSetupAction.java:43)
	at io.undertow.servlet.core.DeploymentManagerImpl.deploy(DeploymentManagerImpl.java:255)
	at org.springframework.boot.web.embedded.undertow.UndertowServletWebServerFactory.createManager(UndertowServletWebServerFactory.java:330)
	at org.springframework.boot.web.embedded.undertow.UndertowServletWebServerFactory.getWebServer(UndertowServletWebServerFactory.java:299)
	at org.springframework.boot.web.servlet.context.ServletWebServerApplicationContext.createWebServer(ServletWebServerApplicationContext.java:184)
	at org.springframework.boot.web.servlet.context.ServletWebServerApplicationContext.onRefresh(ServletWebServerApplicationContext.java:162)
	at org.springframework.context.support.AbstractApplicationContext.refresh(AbstractApplicationContext.java:585)
	at org.springframework.boot.web.servlet.context.ServletWebServerApplicationContext.refresh(ServletWebServerApplicationContext.java:147)
	at org.springframework.boot.SpringApplication.refresh(SpringApplication.java:732)
	at org.springframework.boot.SpringApplication.refreshContext(SpringApplication.java:409)
	at org.springframework.boot.SpringApplication.run(SpringApplication.java:308)
	at com.house.HouseApplication.main(HouseApplication.java:20)
Caused by: com.mysql.cj.exceptions.CJException: Access denied for user 'house'@'223.68.43.188' (using password: YES)
	at java.base/jdk.internal.reflect.DirectConstructorHandleAccessor.newInstance(DirectConstructorHandleAccessor.java:62)
	at java.base/java.lang.reflect.Constructor.newInstanceWithCaller(Constructor.java:502)
	at java.base/java.lang.reflect.Constructor.newInstance(Constructor.java:486)
	at com.mysql.cj.exceptions.ExceptionFactory.createException(ExceptionFactory.java:62)
	at com.mysql.cj.exceptions.ExceptionFactory.createException(ExceptionFactory.java:105)
	at com.mysql.cj.exceptions.ExceptionFactory.createException(ExceptionFactory.java:150)
	at com.mysql.cj.exceptions.ExceptionFactory.createException(ExceptionFactory.java:128)
	at com.mysql.cj.protocol.a.NativeProtocol.checkErrorMessage(NativeProtocol.java:849)
	at com.mysql.cj.protocol.a.NativeProtocol.checkErrorMessage(NativeProtocol.java:771)
	at com.mysql.cj.protocol.a.NativeProtocol.checkErrorMessage(NativeProtocol.java:739)
	at com.mysql.cj.protocol.a.NativeProtocol.checkErrorMessage(NativeProtocol.java:156)
	at com.mysql.cj.protocol.a.NativeAuthenticationProvider.proceedHandshakeWithPluggableAuthentication(NativeAuthenticationProvider.java:468)
	at com.mysql.cj.protocol.a.NativeAuthenticationProvider.connect(NativeAuthenticationProvider.java:213)
	at com.mysql.cj.protocol.a.NativeProtocol.connect(NativeProtocol.java:1430)
	at com.mysql.cj.NativeSession.connect(NativeSession.java:134)
	at com.mysql.cj.jdbc.ConnectionImpl.connectWithRetries(ConnectionImpl.java:839)
	... 96 common frames omitted
2024-03-05 12:21:49 [main] WARN  o.s.b.w.s.c.AnnotationConfigServletWebServerApplicationContext - Exception encountered during context initialization - cancelling refresh attempt: org.springframework.context.ApplicationContextException: Unable to start web server; nested exception is java.lang.RuntimeException: org.springframework.beans.factory.UnsatisfiedDependencyException: Error creating bean with name 'webMvcMetricsFilter' defined in class path resource [org/springframework/boot/actuate/autoconfigure/metrics/web/servlet/WebMvcMetricsAutoConfiguration.class]: Unsatisfied dependency expressed through method 'webMvcMetricsFilter' parameter 0; nested exception is org.springframework.beans.factory.BeanCreationException: Error creating bean with name 'simpleMeterRegistry' defined in class path resource [org/springframework/boot/actuate/autoconfigure/metrics/export/simple/SimpleMetricsExportAutoConfiguration.class]: Initialization of bean failed; nested exception is org.springframework.beans.factory.UnsatisfiedDependencyException: Error creating bean with name 'dataSourcePoolMetadataMeterBinder' defined in class path resource [org/springframework/boot/actuate/autoconfigure/metrics/jdbc/DataSourcePoolMetricsAutoConfiguration$DataSourcePoolMetadataMetricsConfiguration.class]: Unsatisfied dependency expressed through method 'dataSourcePoolMetadataMeterBinder' parameter 0; nested exception is org.springframework.beans.factory.BeanCreationException: Error creating bean with name 'dataSource' defined in class path resource [com/baomidou/dynamic/datasource/spring/boot/autoconfigure/DynamicDataSourceAutoConfiguration.class]: Invocation of init method failed; nested exception is com.zaxxer.hikari.pool.HikariPool$PoolInitializationException: Failed to initialize pool: Could not create connection to database server. Attempted reconnect 3 times. Giving up.
2024-03-05 12:21:49 [main] ERROR o.s.boot.SpringApplication - Application run failed
org.springframework.context.ApplicationContextException: Unable to start web server; nested exception is java.lang.RuntimeException: org.springframework.beans.factory.UnsatisfiedDependencyException: Error creating bean with name 'webMvcMetricsFilter' defined in class path resource [org/springframework/boot/actuate/autoconfigure/metrics/web/servlet/WebMvcMetricsAutoConfiguration.class]: Unsatisfied dependency expressed through method 'webMvcMetricsFilter' parameter 0; nested exception is org.springframework.beans.factory.BeanCreationException: Error creating bean with name 'simpleMeterRegistry' defined in class path resource [org/springframework/boot/actuate/autoconfigure/metrics/export/simple/SimpleMetricsExportAutoConfiguration.class]: Initialization of bean failed; nested exception is org.springframework.beans.factory.UnsatisfiedDependencyException: Error creating bean with name 'dataSourcePoolMetadataMeterBinder' defined in class path resource [org/springframework/boot/actuate/autoconfigure/metrics/jdbc/DataSourcePoolMetricsAutoConfiguration$DataSourcePoolMetadataMetricsConfiguration.class]: Unsatisfied dependency expressed through method 'dataSourcePoolMetadataMeterBinder' parameter 0; nested exception is org.springframework.beans.factory.BeanCreationException: Error creating bean with name 'dataSource' defined in class path resource [com/baomidou/dynamic/datasource/spring/boot/autoconfigure/DynamicDataSourceAutoConfiguration.class]: Invocation of init method failed; nested exception is com.zaxxer.hikari.pool.HikariPool$PoolInitializationException: Failed to initialize pool: Could not create connection to database server. Attempted reconnect 3 times. Giving up.
	at org.springframework.boot.web.servlet.context.ServletWebServerApplicationContext.onRefresh(ServletWebServerApplicationContext.java:165)
	at org.springframework.context.support.AbstractApplicationContext.refresh(AbstractApplicationContext.java:585)
	at org.springframework.boot.web.servlet.context.ServletWebServerApplicationContext.refresh(ServletWebServerApplicationContext.java:147)
	at org.springframework.boot.SpringApplication.refresh(SpringApplication.java:732)
	at org.springframework.boot.SpringApplication.refreshContext(SpringApplication.java:409)
	at org.springframework.boot.SpringApplication.run(SpringApplication.java:308)
	at com.house.HouseApplication.main(HouseApplication.java:20)
Caused by: java.lang.RuntimeException: org.springframework.beans.factory.UnsatisfiedDependencyException: Error creating bean with name 'webMvcMetricsFilter' defined in class path resource [org/springframework/boot/actuate/autoconfigure/metrics/web/servlet/WebMvcMetricsAutoConfiguration.class]: Unsatisfied dependency expressed through method 'webMvcMetricsFilter' parameter 0; nested exception is org.springframework.beans.factory.BeanCreationException: Error creating bean with name 'simpleMeterRegistry' defined in class path resource [org/springframework/boot/actuate/autoconfigure/metrics/export/simple/SimpleMetricsExportAutoConfiguration.class]: Initialization of bean failed; nested exception is org.springframework.beans.factory.UnsatisfiedDependencyException: Error creating bean with name 'dataSourcePoolMetadataMeterBinder' defined in class path resource [org/springframework/boot/actuate/autoconfigure/metrics/jdbc/DataSourcePoolMetricsAutoConfiguration$DataSourcePoolMetadataMetricsConfiguration.class]: Unsatisfied dependency expressed through method 'dataSourcePoolMetadataMeterBinder' parameter 0; nested exception is org.springframework.beans.factory.BeanCreationException: Error creating bean with name 'dataSource' defined in class path resource [com/baomidou/dynamic/datasource/spring/boot/autoconfigure/DynamicDataSourceAutoConfiguration.class]: Invocation of init method failed; nested exception is com.zaxxer.hikari.pool.HikariPool$PoolInitializationException: Failed to initialize pool: Could not create connection to database server. Attempted reconnect 3 times. Giving up.
	at io.undertow.servlet.core.DeploymentManagerImpl.deploy(DeploymentManagerImpl.java:257)
	at org.springframework.boot.web.embedded.undertow.UndertowServletWebServerFactory.createManager(UndertowServletWebServerFactory.java:330)
	at org.springframework.boot.web.embedded.undertow.UndertowServletWebServerFactory.getWebServer(UndertowServletWebServerFactory.java:299)
	at org.springframework.boot.web.servlet.context.ServletWebServerApplicationContext.createWebServer(ServletWebServerApplicationContext.java:184)
	at org.springframework.boot.web.servlet.context.ServletWebServerApplicationContext.onRefresh(ServletWebServerApplicationContext.java:162)
	... 6 common frames omitted
Caused by: org.springframework.beans.factory.UnsatisfiedDependencyException: Error creating bean with name 'webMvcMetricsFilter' defined in class path resource [org/springframework/boot/actuate/autoconfigure/metrics/web/servlet/WebMvcMetricsAutoConfiguration.class]: Unsatisfied dependency expressed through method 'webMvcMetricsFilter' parameter 0; nested exception is org.springframework.beans.factory.BeanCreationException: Error creating bean with name 'simpleMeterRegistry' defined in class path resource [org/springframework/boot/actuate/autoconfigure/metrics/export/simple/SimpleMetricsExportAutoConfiguration.class]: Initialization of bean failed; nested exception is org.springframework.beans.factory.UnsatisfiedDependencyException: Error creating bean with name 'dataSourcePoolMetadataMeterBinder' defined in class path resource [org/springframework/boot/actuate/autoconfigure/metrics/jdbc/DataSourcePoolMetricsAutoConfiguration$DataSourcePoolMetadataMetricsConfiguration.class]: Unsatisfied dependency expressed through method 'dataSourcePoolMetadataMeterBinder' parameter 0; nested exception is org.springframework.beans.factory.BeanCreationException: Error creating bean with name 'dataSource' defined in class path resource [com/baomidou/dynamic/datasource/spring/boot/autoconfigure/DynamicDataSourceAutoConfiguration.class]: Invocation of init method failed; nested exception is com.zaxxer.hikari.pool.HikariPool$PoolInitializationException: Failed to initialize pool: Could not create connection to database server. Attempted reconnect 3 times. Giving up.
	at org.springframework.beans.factory.support.ConstructorResolver.createArgumentArray(ConstructorResolver.java:801)
	at org.springframework.beans.factory.support.ConstructorResolver.instantiateUsingFactoryMethod(ConstructorResolver.java:536)
	at org.springframework.beans.factory.support.AbstractAutowireCapableBeanFactory.instantiateUsingFactoryMethod(AbstractAutowireCapableBeanFactory.java:1352)
	at org.springframework.beans.factory.support.AbstractAutowireCapableBeanFactory.createBeanInstance(AbstractAutowireCapableBeanFactory.java:1195)
	at org.springframework.beans.factory.support.AbstractAutowireCapableBeanFactory.doCreateBean(AbstractAutowireCapableBeanFactory.java:582)
	at org.springframework.beans.factory.support.AbstractAutowireCapableBeanFactory.createBean(AbstractAutowireCapableBeanFactory.java:542)
	at org.springframework.beans.factory.support.AbstractBeanFactory.lambda$doGetBean$0(AbstractBeanFactory.java:335)
	at org.springframework.beans.factory.support.DefaultSingletonBeanRegistry.getSingleton(DefaultSingletonBeanRegistry.java:234)
	at org.springframework.beans.factory.support.AbstractBeanFactory.doGetBean(AbstractBeanFactory.java:333)
	at org.springframework.beans.factory.support.AbstractBeanFactory.getBean(AbstractBeanFactory.java:213)
	at org.springframework.boot.web.servlet.ServletContextInitializerBeans.getOrderedBeansOfType(ServletContextInitializerBeans.java:213)
	at org.springframework.boot.web.servlet.ServletContextInitializerBeans.getOrderedBeansOfType(ServletContextInitializerBeans.java:204)
	at org.springframework.boot.web.servlet.ServletContextInitializerBeans.addServletContextInitializerBeans(ServletContextInitializerBeans.java:98)
	at org.springframework.boot.web.servlet.ServletContextInitializerBeans.<init>(ServletContextInitializerBeans.java:86)
	at org.springframework.boot.web.servlet.context.ServletWebServerApplicationContext.getServletContextInitializerBeans(ServletWebServerApplicationContext.java:262)
	at org.springframework.boot.web.servlet.context.ServletWebServerApplicationContext.selfInitialize(ServletWebServerApplicationContext.java:236)
	at org.springframework.boot.web.embedded.undertow.UndertowServletWebServerFactory$Initializer.onStartup(UndertowServletWebServerFactory.java:508)
	at io.undertow.servlet.core.DeploymentManagerImpl$1.call(DeploymentManagerImpl.java:204)
	at io.undertow.servlet.core.DeploymentManagerImpl$1.call(DeploymentManagerImpl.java:187)
	at io.undertow.servlet.core.ServletRequestContextThreadSetupAction$1.call(ServletRequestContextThreadSetupAction.java:42)
	at io.undertow.servlet.core.ContextClassLoaderSetupAction$1.call(ContextClassLoaderSetupAction.java:43)
	at io.undertow.servlet.core.DeploymentManagerImpl.deploy(DeploymentManagerImpl.java:255)
	... 10 common frames omitted
Caused by: org.springframework.beans.factory.BeanCreationException: Error creating bean with name 'simpleMeterRegistry' defined in class path resource [org/springframework/boot/actuate/autoconfigure/metrics/export/simple/SimpleMetricsExportAutoConfiguration.class]: Initialization of bean failed; nested exception is org.springframework.beans.factory.UnsatisfiedDependencyException: Error creating bean with name 'dataSourcePoolMetadataMeterBinder' defined in class path resource [org/springframework/boot/actuate/autoconfigure/metrics/jdbc/DataSourcePoolMetricsAutoConfiguration$DataSourcePoolMetadataMetricsConfiguration.class]: Unsatisfied dependency expressed through method 'dataSourcePoolMetadataMeterBinder' parameter 0; nested exception is org.springframework.beans.factory.BeanCreationException: Error creating bean with name 'dataSource' defined in class path resource [com/baomidou/dynamic/datasource/spring/boot/autoconfigure/DynamicDataSourceAutoConfiguration.class]: Invocation of init method failed; nested exception is com.zaxxer.hikari.pool.HikariPool$PoolInitializationException: Failed to initialize pool: Could not create connection to database server. Attempted reconnect 3 times. Giving up.
	at org.springframework.beans.factory.support.AbstractAutowireCapableBeanFactory.doCreateBean(AbstractAutowireCapableBeanFactory.java:628)
	at org.springframework.beans.factory.support.AbstractAutowireCapableBeanFactory.createBean(AbstractAutowireCapableBeanFactory.java:542)
	at org.springframework.beans.factory.support.AbstractBeanFactory.lambda$doGetBean$0(AbstractBeanFactory.java:335)
	at org.springframework.beans.factory.support.DefaultSingletonBeanRegistry.getSingleton(DefaultSingletonBeanRegistry.java:234)
	at org.springframework.beans.factory.support.AbstractBeanFactory.doGetBean(AbstractBeanFactory.java:333)
	at org.springframework.beans.factory.support.AbstractBeanFactory.getBean(AbstractBeanFactory.java:208)
	at org.springframework.beans.factory.config.DependencyDescriptor.resolveCandidate(DependencyDescriptor.java:276)
	at org.springframework.beans.factory.support.DefaultListableBeanFactory.doResolveDependency(DefaultListableBeanFactory.java:1391)
	at org.springframework.beans.factory.support.DefaultListableBeanFactory.resolveDependency(DefaultListableBeanFactory.java:1311)
	at org.springframework.beans.factory.support.ConstructorResolver.resolveAutowiredArgument(ConstructorResolver.java:911)
	at org.springframework.beans.factory.support.ConstructorResolver.createArgumentArray(ConstructorResolver.java:788)
	... 31 common frames omitted
Caused by: org.springframework.beans.factory.UnsatisfiedDependencyException: Error creating bean with name 'dataSourcePoolMetadataMeterBinder' defined in class path resource [org/springframework/boot/actuate/autoconfigure/metrics/jdbc/DataSourcePoolMetricsAutoConfiguration$DataSourcePoolMetadataMetricsConfiguration.class]: Unsatisfied dependency expressed through method 'dataSourcePoolMetadataMeterBinder' parameter 0; nested exception is org.springframework.beans.factory.BeanCreationException: Error creating bean with name 'dataSource' defined in class path resource [com/baomidou/dynamic/datasource/spring/boot/autoconfigure/DynamicDataSourceAutoConfiguration.class]: Invocation of init method failed; nested exception is com.zaxxer.hikari.pool.HikariPool$PoolInitializationException: Failed to initialize pool: Could not create connection to database server. Attempted reconnect 3 times. Giving up.
	at org.springframework.beans.factory.support.ConstructorResolver.createArgumentArray(ConstructorResolver.java:801)
	at org.springframework.beans.factory.support.ConstructorResolver.instantiateUsingFactoryMethod(ConstructorResolver.java:536)
	at org.springframework.beans.factory.support.AbstractAutowireCapableBeanFactory.instantiateUsingFactoryMethod(AbstractAutowireCapableBeanFactory.java:1352)
	at org.springframework.beans.factory.support.AbstractAutowireCapableBeanFactory.createBeanInstance(AbstractAutowireCapableBeanFactory.java:1195)
	at org.springframework.beans.factory.support.AbstractAutowireCapableBeanFactory.doCreateBean(AbstractAutowireCapableBeanFactory.java:582)
	at org.springframework.beans.factory.support.AbstractAutowireCapableBeanFactory.createBean(AbstractAutowireCapableBeanFactory.java:542)
	at org.springframework.beans.factory.support.AbstractBeanFactory.lambda$doGetBean$0(AbstractBeanFactory.java:335)
	at org.springframework.beans.factory.support.DefaultSingletonBeanRegistry.getSingleton(DefaultSingletonBeanRegistry.java:234)
	at org.springframework.beans.factory.support.AbstractBeanFactory.doGetBean(AbstractBeanFactory.java:333)
	at org.springframework.beans.factory.support.AbstractBeanFactory.getBean(AbstractBeanFactory.java:208)
	at org.springframework.beans.factory.config.DependencyDescriptor.resolveCandidate(DependencyDescriptor.java:276)
	at org.springframework.beans.factory.support.DefaultListableBeanFactory.addCandidateEntry(DefaultListableBeanFactory.java:1616)
	at org.springframework.beans.factory.support.DefaultListableBeanFactory.findAutowireCandidates(DefaultListableBeanFactory.java:1573)
	at org.springframework.beans.factory.support.DefaultListableBeanFactory.resolveMultipleBeans(DefaultListableBeanFactory.java:1417)
	at org.springframework.beans.factory.support.DefaultListableBeanFactory.doResolveDependency(DefaultListableBeanFactory.java:1349)
	at org.springframework.beans.factory.support.DefaultListableBeanFactory$DependencyObjectProvider.resolveStream(DefaultListableBeanFactory.java:2119)
	at org.springframework.beans.factory.support.DefaultListableBeanFactory$DependencyObjectProvider.orderedStream(DefaultListableBeanFactory.java:2113)
	at org.springframework.boot.actuate.autoconfigure.metrics.MeterRegistryConfigurer.addBinders(MeterRegistryConfigurer.java:87)
	at org.springframework.boot.actuate.autoconfigure.metrics.MeterRegistryConfigurer.configure(MeterRegistryConfigurer.java:68)
	at org.springframework.boot.actuate.autoconfigure.metrics.MeterRegistryPostProcessor.postProcessAfterInitialization(MeterRegistryPostProcessor.java:64)
	at org.springframework.beans.factory.support.AbstractAutowireCapableBeanFactory.applyBeanPostProcessorsAfterInitialization(AbstractAutowireCapableBeanFactory.java:455)
	at org.springframework.beans.factory.support.AbstractAutowireCapableBeanFactory.initializeBean(AbstractAutowireCapableBeanFactory.java:1808)
	at org.springframework.beans.factory.support.AbstractAutowireCapableBeanFactory.doCreateBean(AbstractAutowireCapableBeanFactory.java:620)
	... 41 common frames omitted
Caused by: org.springframework.beans.factory.BeanCreationException: Error creating bean with name 'dataSource' defined in class path resource [com/baomidou/dynamic/datasource/spring/boot/autoconfigure/DynamicDataSourceAutoConfiguration.class]: Invocation of init method failed; nested exception is com.zaxxer.hikari.pool.HikariPool$PoolInitializationException: Failed to initialize pool: Could not create connection to database server. Attempted reconnect 3 times. Giving up.
	at org.springframework.beans.factory.support.AbstractAutowireCapableBeanFactory.initializeBean(AbstractAutowireCapableBeanFactory.java:1804)
	at org.springframework.beans.factory.support.AbstractAutowireCapableBeanFactory.doCreateBean(AbstractAutowireCapableBeanFactory.java:620)
	at org.springframework.beans.factory.support.AbstractAutowireCapableBeanFactory.createBean(AbstractAutowireCapableBeanFactory.java:542)
	at org.springframework.beans.factory.support.AbstractBeanFactory.lambda$doGetBean$0(AbstractBeanFactory.java:335)
	at org.springframework.beans.factory.support.DefaultSingletonBeanRegistry.getSingleton(DefaultSingletonBeanRegistry.java:234)
	at org.springframework.beans.factory.support.AbstractBeanFactory.doGetBean(AbstractBeanFactory.java:333)
	at org.springframework.beans.factory.support.AbstractBeanFactory.getBean(AbstractBeanFactory.java:208)
	at org.springframework.beans.factory.config.DependencyDescriptor.resolveCandidate(DependencyDescriptor.java:276)
	at org.springframework.beans.factory.support.DefaultListableBeanFactory.addCandidateEntry(DefaultListableBeanFactory.java:1609)
	at org.springframework.beans.factory.support.DefaultListableBeanFactory.findAutowireCandidates(DefaultListableBeanFactory.java:1573)
	at org.springframework.beans.factory.support.DefaultListableBeanFactory.resolveMultipleBeans(DefaultListableBeanFactory.java:1492)
	at org.springframework.beans.factory.support.DefaultListableBeanFactory.doResolveDependency(DefaultListableBeanFactory.java:1349)
	at org.springframework.beans.factory.support.DefaultListableBeanFactory.resolveDependency(DefaultListableBeanFactory.java:1311)
	at org.springframework.beans.factory.support.ConstructorResolver.resolveAutowiredArgument(ConstructorResolver.java:911)
	at org.springframework.beans.factory.support.ConstructorResolver.createArgumentArray(ConstructorResolver.java:788)
	... 63 common frames omitted
Caused by: com.zaxxer.hikari.pool.HikariPool$PoolInitializationException: Failed to initialize pool: Could not create connection to database server. Attempted reconnect 3 times. Giving up.
	at com.zaxxer.hikari.pool.HikariPool.throwPoolInitializationException(HikariPool.java:596)
	at com.zaxxer.hikari.pool.HikariPool.checkFailFast(HikariPool.java:582)
	at com.zaxxer.hikari.pool.HikariPool.<init>(HikariPool.java:115)
	at com.zaxxer.hikari.HikariDataSource.<init>(HikariDataSource.java:81)
	at com.baomidou.dynamic.datasource.creator.HikariDataSourceCreator.doCreateDataSource(HikariDataSourceCreator.java:82)
	at com.baomidou.dynamic.datasource.creator.AbstractDataSourceCreator.createDataSource(AbstractDataSourceCreator.java:70)
	at com.baomidou.dynamic.datasource.creator.DefaultDataSourceCreator.createDataSource(DefaultDataSourceCreator.java:48)
	at com.baomidou.dynamic.datasource.provider.AbstractDataSourceProvider.createDataSourceMap(AbstractDataSourceProvider.java:47)
	at com.baomidou.dynamic.datasource.provider.YmlDynamicDataSourceProvider.loadDataSources(YmlDynamicDataSourceProvider.java:42)
	at com.baomidou.dynamic.datasource.DynamicRoutingDataSource.afterPropertiesSet(DynamicRoutingDataSource.java:225)
	at org.springframework.beans.factory.support.AbstractAutowireCapableBeanFactory.invokeInitMethods(AbstractAutowireCapableBeanFactory.java:1863)
	at org.springframework.beans.factory.support.AbstractAutowireCapableBeanFactory.initializeBean(AbstractAutowireCapableBeanFactory.java:1800)
	... 77 common frames omitted
Caused by: java.sql.SQLNonTransientConnectionException: Could not create connection to database server. Attempted reconnect 3 times. Giving up.
	at com.mysql.cj.jdbc.exceptions.SQLError.createSQLException(SQLError.java:111)
	at com.mysql.cj.jdbc.exceptions.SQLError.createSQLException(SQLError.java:98)
	at com.mysql.cj.jdbc.exceptions.SQLError.createSQLException(SQLError.java:90)
	at com.mysql.cj.jdbc.exceptions.SQLError.createSQLException(SQLError.java:64)
	at com.mysql.cj.jdbc.exceptions.SQLError.createSQLException(SQLError.java:74)
	at com.mysql.cj.jdbc.ConnectionImpl.connectWithRetries(ConnectionImpl.java:895)
	at com.mysql.cj.jdbc.ConnectionImpl.createNewIO(ConnectionImpl.java:820)
	at com.mysql.cj.jdbc.ConnectionImpl.<init>(ConnectionImpl.java:446)
	at com.mysql.cj.jdbc.ConnectionImpl.getInstance(ConnectionImpl.java:239)
	at com.mysql.cj.jdbc.NonRegisteringDriver.connect(NonRegisteringDriver.java:188)
	at com.zaxxer.hikari.util.DriverDataSource.getConnection(DriverDataSource.java:138)
	at com.zaxxer.hikari.pool.PoolBase.newConnection(PoolBase.java:364)
	at com.zaxxer.hikari.pool.PoolBase.newPoolEntry(PoolBase.java:206)
	at com.zaxxer.hikari.pool.HikariPool.createPoolEntry(HikariPool.java:476)
	at com.zaxxer.hikari.pool.HikariPool.checkFailFast(HikariPool.java:561)
	... 87 common frames omitted
Caused by: com.mysql.cj.exceptions.CJException: Access denied for user 'house'@'223.68.43.188' (using password: YES)
	at java.base/jdk.internal.reflect.DirectConstructorHandleAccessor.newInstance(DirectConstructorHandleAccessor.java:62)
	at java.base/java.lang.reflect.Constructor.newInstanceWithCaller(Constructor.java:502)
	at java.base/java.lang.reflect.Constructor.newInstance(Constructor.java:486)
	at com.mysql.cj.exceptions.ExceptionFactory.createException(ExceptionFactory.java:62)
	at com.mysql.cj.exceptions.ExceptionFactory.createException(ExceptionFactory.java:105)
	at com.mysql.cj.exceptions.ExceptionFactory.createException(ExceptionFactory.java:150)
	at com.mysql.cj.exceptions.ExceptionFactory.createException(ExceptionFactory.java:128)
	at com.mysql.cj.protocol.a.NativeProtocol.checkErrorMessage(NativeProtocol.java:849)
	at com.mysql.cj.protocol.a.NativeProtocol.checkErrorMessage(NativeProtocol.java:771)
	at com.mysql.cj.protocol.a.NativeProtocol.checkErrorMessage(NativeProtocol.java:739)
	at com.mysql.cj.protocol.a.NativeProtocol.checkErrorMessage(NativeProtocol.java:156)
	at com.mysql.cj.protocol.a.NativeAuthenticationProvider.proceedHandshakeWithPluggableAuthentication(NativeAuthenticationProvider.java:468)
	at com.mysql.cj.protocol.a.NativeAuthenticationProvider.connect(NativeAuthenticationProvider.java:213)
	at com.mysql.cj.protocol.a.NativeProtocol.connect(NativeProtocol.java:1430)
	at com.mysql.cj.NativeSession.connect(NativeSession.java:134)
	at com.mysql.cj.jdbc.ConnectionImpl.connectWithRetries(ConnectionImpl.java:839)
	... 96 common frames omitted
2024-03-05 12:23:16 [background-preinit] INFO  o.h.validator.internal.util.Version - HV000001: Hibernate Validator 6.2.5.Final
2024-03-05 12:23:16 [main] INFO  com.house.HouseApplication - Starting HouseApplication using Java 21.0.1 on 192.168.1.6 with PID 58339 (/Library/PP/my-project/bysj24/house/house/house-admin/target/classes started by panpan in /Library/PP/my-project/bysj24/house/house)
2024-03-05 12:23:16 [main] INFO  com.house.HouseApplication - The following 1 profile is active: "dev"
2024-03-05 12:23:19 [main] INFO  io.undertow.servlet - Initializing Spring embedded WebApplicationContext
2024-03-05 12:23:19 [main] INFO  c.b.d.d.DynamicRoutingDataSource - dynamic-datasource detect P6SPY plugin and enabled it
2024-03-05 12:23:19 [main] INFO  com.zaxxer.hikari.HikariDataSource - master - Starting...
2024-03-05 12:23:20 [main] INFO  com.zaxxer.hikari.HikariDataSource - master - Start completed.
2024-03-05 12:23:20 [main] INFO  c.b.d.d.DynamicRoutingDataSource - dynamic-datasource - add a datasource named [slave] success
2024-03-05 12:23:20 [main] INFO  c.b.d.d.DynamicRoutingDataSource - dynamic-datasource - add a datasource named [master] success
2024-03-05 12:23:20 [main] INFO  c.b.d.d.DynamicRoutingDataSource - dynamic-datasource initial loaded [2] datasource,primary datasource named [master]
2024-03-05 12:23:21 [main] INFO  c.h.framework.config.JacksonConfig - 初始化 jackson 配置
2024-03-05 12:23:21 [main] INFO  c.house.framework.config.RedisConfig - 初始化 redis 配置
2024-03-05 12:23:21 [main] INFO  org.redisson.Version - Redisson 3.20.1
2024-03-05 12:23:21 [main] WARN  i.n.r.d.DnsServerAddressStreamProviders - Can not find io.netty.resolver.dns.macos.MacOSDnsServerAddressStreamProvider in the classpath, fallback to system defaults. This may result in incorrect DNS resolutions on MacOS. Check whether you have a dependency on 'io.netty:netty-resolver-dns-native-macos'
2024-03-05 12:23:21 [redisson-netty-2-6] INFO  o.r.c.p.MasterPubSubConnectionPool - 1 connections initialized for 43.142.255.148/43.142.255.148:6379
2024-03-05 12:23:22 [redisson-netty-2-3] INFO  o.r.c.pool.MasterConnectionPool - 8 connections initialized for 43.142.255.148/43.142.255.148:6379
2024-03-05 12:23:24 [main] INFO  io.undertow - starting server: Undertow - 2.2.28.Final
2024-03-05 12:23:24 [main] INFO  org.xnio - XNIO version 3.8.7.Final
2024-03-05 12:23:24 [main] INFO  org.xnio.nio - XNIO NIO Implementation Version 3.8.7.Final
2024-03-05 12:23:24 [main] INFO  org.jboss.threads - JBoss Threads version 3.1.0.Final
2024-03-05 12:23:24 [main] INFO  com.house.HouseApplication - Started HouseApplication in 8.66 seconds (JVM running for 10.685)
2024-03-05 12:23:25 [main] INFO  c.h.s.runner.SystemApplicationRunner - 初始化OSS配置成功
2024-03-05 12:23:25 [main] INFO  c.h.s.runner.SystemApplicationRunner - 加载参数缓存数据成功
2024-03-05 12:23:25 [main] INFO  c.h.s.runner.SystemApplicationRunner - 加载字典缓存数据成功
2024-03-05 12:24:06 [SpringApplicationShutdownHook] INFO  io.undertow - stopping server: Undertow - 2.2.28.Final
2024-03-05 12:24:06 [SpringApplicationShutdownHook] INFO  c.h.f.manager.ShutdownManager - ====关闭后台任务任务线程池====
2024-03-05 12:24:06 [SpringApplicationShutdownHook] INFO  c.b.d.d.DynamicRoutingDataSource - dynamic-datasource start closing ....
2024-03-05 12:24:06 [SpringApplicationShutdownHook] INFO  com.zaxxer.hikari.HikariDataSource - master - Shutdown initiated...
2024-03-05 12:24:06 [SpringApplicationShutdownHook] INFO  com.zaxxer.hikari.HikariDataSource - master - Shutdown completed.
2024-03-05 12:24:06 [SpringApplicationShutdownHook] INFO  c.b.d.d.DynamicRoutingDataSource - dynamic-datasource all closed success,bye
2024-03-05 13:14:03 [main] INFO  com.house.HouseApplication - Starting HouseApplication using Java 21.0.1 on 192.168.1.6 with PID 66193 (/Library/PP/Java/github/bysj24/house/house/house-admin/target/classes started by panpan in /Library/PP/Java/github/bysj24/house/house)
2024-03-05 13:14:03 [background-preinit] INFO  o.h.validator.internal.util.Version - HV000001: Hibernate Validator 6.2.5.Final
2024-03-05 13:14:03 [main] INFO  com.house.HouseApplication - The following 1 profile is active: "dev"
2024-03-05 13:14:06 [main] INFO  io.undertow.servlet - Initializing Spring embedded WebApplicationContext
2024-03-05 13:14:07 [main] INFO  c.b.d.d.DynamicRoutingDataSource - dynamic-datasource detect P6SPY plugin and enabled it
2024-03-05 13:14:07 [main] INFO  com.zaxxer.hikari.HikariDataSource - master - Starting...
2024-03-05 13:14:08 [main] INFO  com.zaxxer.hikari.HikariDataSource - master - Start completed.
2024-03-05 13:14:08 [main] INFO  c.b.d.d.DynamicRoutingDataSource - dynamic-datasource - add a datasource named [slave] success
2024-03-05 13:14:08 [main] INFO  c.b.d.d.DynamicRoutingDataSource - dynamic-datasource - add a datasource named [master] success
2024-03-05 13:14:08 [main] INFO  c.b.d.d.DynamicRoutingDataSource - dynamic-datasource initial loaded [2] datasource,primary datasource named [master]
2024-03-05 13:14:09 [main] INFO  c.h.framework.config.JacksonConfig - 初始化 jackson 配置
2024-03-05 13:14:10 [main] INFO  c.house.framework.config.RedisConfig - 初始化 redis 配置
2024-03-05 13:14:10 [main] INFO  org.redisson.Version - Redisson 3.20.1
2024-03-05 13:14:10 [main] WARN  i.n.r.d.DnsServerAddressStreamProviders - Can not find io.netty.resolver.dns.macos.MacOSDnsServerAddressStreamProvider in the classpath, fallback to system defaults. This may result in incorrect DNS resolutions on MacOS. Check whether you have a dependency on 'io.netty:netty-resolver-dns-native-macos'
2024-03-05 13:14:10 [redisson-netty-2-6] INFO  o.r.c.p.MasterPubSubConnectionPool - 1 connections initialized for 43.142.255.148/43.142.255.148:6379
2024-03-05 13:14:10 [redisson-netty-2-3] INFO  o.r.c.pool.MasterConnectionPool - 8 connections initialized for 43.142.255.148/43.142.255.148:6379
2024-03-05 13:14:13 [main] INFO  io.undertow - starting server: Undertow - 2.2.28.Final
2024-03-05 13:14:13 [main] INFO  org.xnio - XNIO version 3.8.7.Final
2024-03-05 13:14:13 [main] INFO  org.xnio.nio - XNIO NIO Implementation Version 3.8.7.Final
2024-03-05 13:14:13 [main] INFO  org.jboss.threads - JBoss Threads version 3.1.0.Final
2024-03-05 13:14:13 [main] INFO  com.house.HouseApplication - Started HouseApplication in 11.3 seconds (JVM running for 12.153)
2024-03-05 13:14:13 [main] INFO  c.h.s.runner.SystemApplicationRunner - 初始化OSS配置成功
2024-03-05 13:14:14 [main] INFO  c.h.s.runner.SystemApplicationRunner - 加载参数缓存数据成功
2024-03-05 13:14:14 [main] INFO  c.h.s.runner.SystemApplicationRunner - 加载字典缓存数据成功
2024-03-05 13:14:14 [RMI TCP Connection(9)-192.168.1.6] INFO  io.undertow.servlet - Initializing Spring DispatcherServlet 'dispatcherServlet'
2024-03-05 13:16:55 [XNIO-1 task-1] INFO  c.h.f.i.PlusWebInvokeTimeInterceptor - [PLUS]开始请求 => URL[GET /getInfo],无参数
2024-03-05 13:16:55 [XNIO-1 task-1] ERROR c.h.f.w.e.GlobalExceptionHandler - 请求地址'/getInfo',认证失败'token 无效：eyJhbGciOiJIUzUxMiJ9.eyJsb2dpbl91c2VyX2tleSI6Ijc1YzE3MTI2LWMzYzMtNGQ4OC05ZWZlLTQwZjU1ZjViYzRjMCJ9.TzD-3I3u0xFHHxzNsJfDTzKVwnBeS9K2kL1wFh9YMbNK2kvcxnnDSpyEksOR6-h6RhjkarfLjqtQd8Ir1xufcg',无法访问系统资源
2024-03-05 13:16:55 [XNIO-1 task-1] INFO  c.h.f.i.PlusWebInvokeTimeInterceptor - [PLUS]结束请求 => URL[GET /getInfo],耗时:[76]毫秒
2024-03-05 13:16:55 [XNIO-1 task-1] INFO  c.h.f.i.PlusWebInvokeTimeInterceptor - [PLUS]开始请求 => URL[POST /logout],无参数
2024-03-05 13:16:55 [XNIO-1 task-1] INFO  c.h.f.i.PlusWebInvokeTimeInterceptor - [PLUS]结束请求 => URL[POST /logout],耗时:[209]毫秒
2024-03-05 13:16:56 [XNIO-1 task-1] INFO  c.h.f.i.PlusWebInvokeTimeInterceptor - [PLUS]开始请求 => URL[GET /captchaImage],无参数
2024-03-05 13:16:58 [XNIO-1 task-1] INFO  c.h.f.i.PlusWebInvokeTimeInterceptor - [PLUS]结束请求 => URL[GET /captchaImage],耗时:[2689]毫秒
2024-03-05 13:17:02 [XNIO-1 task-1] INFO  c.h.f.i.PlusWebInvokeTimeInterceptor - [PLUS]开始请求 => URL[POST /login],参数类型[json],参数:[{"username":"admin","password":"admin123","code":"13","uuid":"b4da5cdeb6d94620973cc0a869f19129"}]
2024-03-05 13:17:03 [XNIO-1 task-1] INFO  c.h.f.listener.UserActionListener - user doLogin, userId:sys_user:1, token:eyJ0eXAiOiJKV1QiLCJhbGciOiJIUzI1NiJ9.eyJsb2dpblR5cGUiOiJsb2dpbiIsImxvZ2luSWQiOiJzeXNfdXNlcjoxIiwicm5TdHIiOiJqM2k4NERrNjVtaXNMRXQwTXBjT3ZsbHdNM204UThLRyIsInVzZXJJZCI6MX0.Tkj9u_UVS1J7hHkn4-LNM_6OnqN9ANqqY_lwIwpUe8M
2024-03-05 13:17:03 [schedule-pool-1] INFO  c.h.s.s.i.SysLogininforServiceImpl - [0:0:0:0:0:0:0:1]内网IP[admin][Success][登录成功]
2024-03-05 13:17:03 [XNIO-1 task-1] INFO  c.h.f.i.PlusWebInvokeTimeInterceptor - [PLUS]结束请求 => URL[POST /login],耗时:[1290]毫秒
2024-03-05 13:17:03 [XNIO-1 task-1] INFO  c.h.f.i.PlusWebInvokeTimeInterceptor - [PLUS]开始请求 => URL[GET /getInfo],无参数
2024-03-05 13:17:03 [XNIO-1 task-1] INFO  c.h.f.i.PlusWebInvokeTimeInterceptor - [PLUS]结束请求 => URL[GET /getInfo],耗时:[302]毫秒
2024-03-05 13:17:03 [XNIO-1 task-1] INFO  c.h.f.i.PlusWebInvokeTimeInterceptor - [PLUS]开始请求 => URL[GET /getRouters],无参数
2024-03-05 13:17:03 [XNIO-1 task-1] INFO  c.h.f.i.PlusWebInvokeTimeInterceptor - [PLUS]结束请求 => URL[GET /getRouters],耗时:[169]毫秒
2024-03-05 13:19:27 [XNIO-1 task-1] INFO  c.h.f.i.PlusWebInvokeTimeInterceptor - [PLUS]开始请求 => URL[GET /getInfo],无参数
2024-03-05 13:19:28 [XNIO-1 task-1] INFO  c.h.f.i.PlusWebInvokeTimeInterceptor - [PLUS]结束请求 => URL[GET /getInfo],耗时:[293]毫秒
2024-03-05 13:19:28 [XNIO-1 task-1] INFO  c.h.f.i.PlusWebInvokeTimeInterceptor - [PLUS]开始请求 => URL[GET /getRouters],无参数
2024-03-05 13:19:28 [XNIO-1 task-1] INFO  c.h.f.i.PlusWebInvokeTimeInterceptor - [PLUS]结束请求 => URL[GET /getRouters],耗时:[160]毫秒
2024-03-05 13:19:28 [XNIO-1 task-1] INFO  c.h.f.i.PlusWebInvokeTimeInterceptor - [PLUS]开始请求 => URL[GET /system/dict/data/type/sys_show_hide],无参数
2024-03-05 13:19:28 [XNIO-1 task-3] INFO  c.h.f.i.PlusWebInvokeTimeInterceptor - [PLUS]开始请求 => URL[GET /system/menu/list],无参数
2024-03-05 13:19:28 [XNIO-1 task-2] INFO  c.h.f.i.PlusWebInvokeTimeInterceptor - [PLUS]开始请求 => URL[GET /system/dict/data/type/sys_normal_disable],无参数
2024-03-05 13:19:29 [XNIO-1 task-1] INFO  c.h.f.i.PlusWebInvokeTimeInterceptor - [PLUS]结束请求 => URL[GET /system/dict/data/type/sys_show_hide],耗时:[174]毫秒
2024-03-05 13:19:29 [XNIO-1 task-2] INFO  c.h.f.i.PlusWebInvokeTimeInterceptor - [PLUS]结束请求 => URL[GET /system/dict/data/type/sys_normal_disable],耗时:[171]毫秒
2024-03-05 13:19:29 [XNIO-1 task-3] INFO  c.h.f.i.PlusWebInvokeTimeInterceptor - [PLUS]结束请求 => URL[GET /system/menu/list],耗时:[405]毫秒
2024-03-05 13:19:35 [XNIO-1 task-3] INFO  c.h.f.i.PlusWebInvokeTimeInterceptor - [PLUS]开始请求 => URL[GET /system/menu/list],无参数
2024-03-05 13:19:35 [XNIO-1 task-1] INFO  c.h.f.i.PlusWebInvokeTimeInterceptor - [PLUS]开始请求 => URL[GET /system/menu/4],无参数
2024-03-05 13:19:35 [XNIO-1 task-1] INFO  c.h.f.i.PlusWebInvokeTimeInterceptor - [PLUS]结束请求 => URL[GET /system/menu/4],耗时:[355]毫秒
2024-03-05 13:19:35 [XNIO-1 task-3] INFO  c.h.f.i.PlusWebInvokeTimeInterceptor - [PLUS]结束请求 => URL[GET /system/menu/list],耗时:[392]毫秒
2024-03-05 13:19:38 [XNIO-1 task-2] INFO  c.h.f.i.PlusWebInvokeTimeInterceptor - [PLUS]开始请求 => URL[GET /system/user/deptTree],无参数
2024-03-05 13:19:38 [XNIO-1 task-3] INFO  c.h.f.i.PlusWebInvokeTimeInterceptor - [PLUS]开始请求 => URL[GET /system/dict/data/type/sys_user_sex],无参数
2024-03-05 13:19:38 [XNIO-1 task-4] INFO  c.h.f.i.PlusWebInvokeTimeInterceptor - [PLUS]开始请求 => URL[GET /system/config/configKey/sys.user.initPassword],无参数
2024-03-05 13:19:38 [XNIO-1 task-1] INFO  c.h.f.i.PlusWebInvokeTimeInterceptor - [PLUS]开始请求 => URL[GET /system/user/list],参数类型[param],参数:[{"pageSize":["10"],"pageNum":["1"]}]
2024-03-05 13:19:38 [XNIO-1 task-3] INFO  c.h.f.i.PlusWebInvokeTimeInterceptor - [PLUS]结束请求 => URL[GET /system/dict/data/type/sys_user_sex],耗时:[154]毫秒
2024-03-05 13:19:38 [XNIO-1 task-4] INFO  c.h.f.i.PlusWebInvokeTimeInterceptor - [PLUS]结束请求 => URL[GET /system/config/configKey/sys.user.initPassword],耗时:[192]毫秒
2024-03-05 13:19:39 [XNIO-1 task-2] INFO  c.h.f.i.PlusWebInvokeTimeInterceptor - [PLUS]结束请求 => URL[GET /system/user/deptTree],耗时:[443]毫秒
2024-03-05 13:19:39 [XNIO-1 task-1] INFO  c.h.f.i.PlusWebInvokeTimeInterceptor - [PLUS]结束请求 => URL[GET /system/user/list],耗时:[473]毫秒
2024-03-05 13:19:45 [XNIO-1 task-1] INFO  c.h.f.i.PlusWebInvokeTimeInterceptor - [PLUS]开始请求 => URL[GET /system/menu/list],无参数
2024-03-05 13:19:45 [XNIO-1 task-2] INFO  c.h.f.i.PlusWebInvokeTimeInterceptor - [PLUS]开始请求 => URL[GET /system/menu/4],无参数
2024-03-05 13:19:45 [XNIO-1 task-1] INFO  c.h.f.i.PlusWebInvokeTimeInterceptor - [PLUS]结束请求 => URL[GET /system/menu/list],耗时:[376]毫秒
2024-03-05 13:19:45 [XNIO-1 task-2] INFO  c.h.f.i.PlusWebInvokeTimeInterceptor - [PLUS]结束请求 => URL[GET /system/menu/4],耗时:[379]毫秒
2024-03-05 13:19:49 [XNIO-1 task-2] INFO  c.h.f.i.PlusWebInvokeTimeInterceptor - [PLUS]开始请求 => URL[PUT /system/menu],参数类型[json],参数:[{"createBy":"admin","createTime":"2024-03-05 12:19:25","updateBy":"","updateTime":null,"parentName":null,"parentId":0,"children":[],"menuId":4,"menuName":"PLUS官网","orderNum":4,"path":"https://gitee.com/dromara/RuoYi-Vue-Plus","component":null,"queryParam":"","isFrame":"0","isCache":"0","menuType":"M","visible":"1","status":"0","perms":"","icon":"guide","remark":"RuoYi-Vue-Plus官网地址"}]
2024-03-05 13:19:50 [XNIO-1 task-2] INFO  c.h.f.i.PlusWebInvokeTimeInterceptor - [PLUS]结束请求 => URL[PUT /system/menu],耗时:[476]毫秒
2024-03-05 13:19:50 [XNIO-1 task-2] INFO  c.h.f.i.PlusWebInvokeTimeInterceptor - [PLUS]开始请求 => URL[GET /system/menu/list],无参数
2024-03-05 13:19:50 [XNIO-1 task-2] INFO  c.h.f.i.PlusWebInvokeTimeInterceptor - [PLUS]结束请求 => URL[GET /system/menu/list],耗时:[364]毫秒
2024-03-05 13:19:52 [XNIO-1 task-2] INFO  c.h.f.i.PlusWebInvokeTimeInterceptor - [PLUS]开始请求 => URL[GET /getInfo],无参数
2024-03-05 13:19:52 [XNIO-1 task-2] INFO  c.h.f.i.PlusWebInvokeTimeInterceptor - [PLUS]结束请求 => URL[GET /getInfo],耗时:[277]毫秒
2024-03-05 13:19:52 [XNIO-1 task-2] INFO  c.h.f.i.PlusWebInvokeTimeInterceptor - [PLUS]开始请求 => URL[GET /getRouters],无参数
2024-03-05 13:19:52 [XNIO-1 task-2] INFO  c.h.f.i.PlusWebInvokeTimeInterceptor - [PLUS]结束请求 => URL[GET /getRouters],耗时:[153]毫秒
2024-03-05 13:19:52 [XNIO-1 task-4] INFO  c.h.f.i.PlusWebInvokeTimeInterceptor - [PLUS]开始请求 => URL[GET /system/menu/list],无参数
2024-03-05 13:19:52 [XNIO-1 task-1] INFO  c.h.f.i.PlusWebInvokeTimeInterceptor - [PLUS]开始请求 => URL[GET /system/dict/data/type/sys_normal_disable],无参数
2024-03-05 13:19:52 [XNIO-1 task-2] INFO  c.h.f.i.PlusWebInvokeTimeInterceptor - [PLUS]开始请求 => URL[GET /system/dict/data/type/sys_show_hide],无参数
2024-03-05 13:19:52 [XNIO-1 task-2] INFO  c.h.f.i.PlusWebInvokeTimeInterceptor - [PLUS]结束请求 => URL[GET /system/dict/data/type/sys_show_hide],耗时:[149]毫秒
2024-03-05 13:19:52 [XNIO-1 task-1] INFO  c.h.f.i.PlusWebInvokeTimeInterceptor - [PLUS]结束请求 => URL[GET /system/dict/data/type/sys_normal_disable],耗时:[152]毫秒
2024-03-05 13:19:53 [XNIO-1 task-4] INFO  c.h.f.i.PlusWebInvokeTimeInterceptor - [PLUS]结束请求 => URL[GET /system/menu/list],耗时:[364]毫秒
2024-03-05 13:55:54 [SpringApplicationShutdownHook] INFO  io.undertow - stopping server: Undertow - 2.2.28.Final
2024-03-05 13:55:54 [SpringApplicationShutdownHook] INFO  io.undertow.servlet - Destroying Spring FrameworkServlet 'dispatcherServlet'
2024-03-05 13:55:54 [SpringApplicationShutdownHook] INFO  c.h.f.manager.ShutdownManager - ====关闭后台任务任务线程池====
2024-03-05 13:55:54 [SpringApplicationShutdownHook] INFO  c.b.d.d.DynamicRoutingDataSource - dynamic-datasource start closing ....
2024-03-05 13:55:54 [SpringApplicationShutdownHook] INFO  com.zaxxer.hikari.HikariDataSource - master - Shutdown initiated...
2024-03-05 13:55:54 [SpringApplicationShutdownHook] INFO  com.zaxxer.hikari.HikariDataSource - master - Shutdown completed.
2024-03-05 13:55:54 [SpringApplicationShutdownHook] INFO  c.b.d.d.DynamicRoutingDataSource - dynamic-datasource all closed success,bye
2024-03-05 14:17:34 [main] INFO  com.house.HouseApplication - Starting HouseApplication using Java 21.0.1 on 192.168.1.6 with PID 70956 (/Library/PP/Java/github/bysj24/house/house/house-admin/target/classes started by panpan in /Library/PP/Java/github/bysj24/house/house)
2024-03-05 14:17:34 [main] INFO  com.house.HouseApplication - The following 1 profile is active: "dev"
2024-03-05 14:17:34 [background-preinit] INFO  o.h.validator.internal.util.Version - HV000001: Hibernate Validator 6.2.5.Final
2024-03-05 14:17:37 [main] INFO  io.undertow.servlet - Initializing Spring embedded WebApplicationContext
2024-03-05 14:17:37 [main] INFO  c.b.d.d.DynamicRoutingDataSource - dynamic-datasource detect P6SPY plugin and enabled it
2024-03-05 14:17:37 [main] INFO  com.zaxxer.hikari.HikariDataSource - master - Starting...
2024-03-05 14:17:38 [main] INFO  com.zaxxer.hikari.HikariDataSource - master - Start completed.
2024-03-05 14:17:38 [main] INFO  c.b.d.d.DynamicRoutingDataSource - dynamic-datasource - add a datasource named [slave] success
2024-03-05 14:17:38 [main] INFO  c.b.d.d.DynamicRoutingDataSource - dynamic-datasource - add a datasource named [master] success
2024-03-05 14:17:38 [main] INFO  c.b.d.d.DynamicRoutingDataSource - dynamic-datasource initial loaded [2] datasource,primary datasource named [master]
2024-03-05 14:17:39 [main] INFO  c.h.framework.config.JacksonConfig - 初始化 jackson 配置
2024-03-05 14:17:39 [main] INFO  c.house.framework.config.RedisConfig - 初始化 redis 配置
2024-03-05 14:17:39 [main] INFO  org.redisson.Version - Redisson 3.20.1
2024-03-05 14:17:39 [main] WARN  i.n.r.d.DnsServerAddressStreamProviders - Can not find io.netty.resolver.dns.macos.MacOSDnsServerAddressStreamProvider in the classpath, fallback to system defaults. This may result in incorrect DNS resolutions on MacOS. Check whether you have a dependency on 'io.netty:netty-resolver-dns-native-macos'
2024-03-05 14:17:39 [redisson-netty-2-6] INFO  o.r.c.p.MasterPubSubConnectionPool - 1 connections initialized for 43.142.255.148/43.142.255.148:6379
2024-03-05 14:17:40 [redisson-netty-2-3] INFO  o.r.c.pool.MasterConnectionPool - 8 connections initialized for 43.142.255.148/43.142.255.148:6379
2024-03-05 14:17:42 [main] INFO  io.undertow - starting server: Undertow - 2.2.28.Final
2024-03-05 14:17:42 [main] INFO  org.xnio - XNIO version 3.8.7.Final
2024-03-05 14:17:42 [main] INFO  org.xnio.nio - XNIO NIO Implementation Version 3.8.7.Final
2024-03-05 14:17:42 [main] INFO  org.jboss.threads - JBoss Threads version 3.1.0.Final
2024-03-05 14:17:42 [main] INFO  com.house.HouseApplication - Started HouseApplication in 9.003 seconds (JVM running for 9.839)
2024-03-05 14:17:43 [main] INFO  c.h.s.runner.SystemApplicationRunner - 初始化OSS配置成功
2024-03-05 14:17:43 [main] INFO  c.h.s.runner.SystemApplicationRunner - 加载参数缓存数据成功
2024-03-05 14:17:43 [main] INFO  c.h.s.runner.SystemApplicationRunner - 加载字典缓存数据成功
2024-03-05 14:17:43 [RMI TCP Connection(10)-192.168.1.6] INFO  io.undertow.servlet - Initializing Spring DispatcherServlet 'dispatcherServlet'
2024-03-05 14:18:03 [XNIO-1 task-1] INFO  c.h.f.i.PlusWebInvokeTimeInterceptor - [PLUS]开始请求 => URL[GET /test/test],无参数
2024-03-05 14:18:03 [XNIO-1 task-1] INFO  c.h.f.i.PlusWebInvokeTimeInterceptor - [PLUS]结束请求 => URL[GET /test/test],耗时:[7]毫秒
2024-03-05 14:18:03 [XNIO-1 task-1] INFO  c.h.f.i.PlusWebInvokeTimeInterceptor - [PLUS]开始请求 => URL[GET /error],无参数
2024-03-05 14:18:03 [XNIO-1 task-1] INFO  c.h.f.i.PlusWebInvokeTimeInterceptor - [PLUS]结束请求 => URL[GET /error],耗时:[29]毫秒
2024-03-05 14:19:35 [SpringApplicationShutdownHook] INFO  io.undertow - stopping server: Undertow - 2.2.28.Final
2024-03-05 14:19:35 [SpringApplicationShutdownHook] INFO  io.undertow.servlet - Destroying Spring FrameworkServlet 'dispatcherServlet'
2024-03-05 14:19:35 [SpringApplicationShutdownHook] INFO  c.h.f.manager.ShutdownManager - ====关闭后台任务任务线程池====
2024-03-05 14:19:36 [SpringApplicationShutdownHook] INFO  c.b.d.d.DynamicRoutingDataSource - dynamic-datasource start closing ....
2024-03-05 14:19:36 [SpringApplicationShutdownHook] INFO  com.zaxxer.hikari.HikariDataSource - master - Shutdown initiated...
2024-03-05 14:19:36 [SpringApplicationShutdownHook] INFO  com.zaxxer.hikari.HikariDataSource - master - Shutdown completed.
2024-03-05 14:19:36 [SpringApplicationShutdownHook] INFO  c.b.d.d.DynamicRoutingDataSource - dynamic-datasource all closed success,bye
2024-03-05 14:19:40 [main] INFO  com.house.HouseApplication - Starting HouseApplication using Java 21.0.1 on 192.168.1.6 with PID 71036 (/Library/PP/Java/github/bysj24/house/house/house-admin/target/classes started by panpan in /Library/PP/Java/github/bysj24/house/house)
2024-03-05 14:19:40 [main] INFO  com.house.HouseApplication - The following 1 profile is active: "dev"
2024-03-05 14:19:40 [background-preinit] INFO  o.h.validator.internal.util.Version - HV000001: Hibernate Validator 6.2.5.Final
2024-03-05 14:19:43 [main] INFO  io.undertow.servlet - Initializing Spring embedded WebApplicationContext
2024-03-05 14:19:43 [main] INFO  c.b.d.d.DynamicRoutingDataSource - dynamic-datasource detect P6SPY plugin and enabled it
2024-03-05 14:19:43 [main] INFO  com.zaxxer.hikari.HikariDataSource - master - Starting...
2024-03-05 14:19:44 [main] INFO  com.zaxxer.hikari.HikariDataSource - master - Start completed.
2024-03-05 14:19:44 [main] INFO  c.b.d.d.DynamicRoutingDataSource - dynamic-datasource - add a datasource named [slave] success
2024-03-05 14:19:44 [main] INFO  c.b.d.d.DynamicRoutingDataSource - dynamic-datasource - add a datasource named [master] success
2024-03-05 14:19:44 [main] INFO  c.b.d.d.DynamicRoutingDataSource - dynamic-datasource initial loaded [2] datasource,primary datasource named [master]
2024-03-05 14:19:45 [main] INFO  c.h.framework.config.JacksonConfig - 初始化 jackson 配置
2024-03-05 14:19:45 [main] INFO  c.house.framework.config.RedisConfig - 初始化 redis 配置
2024-03-05 14:19:45 [main] INFO  org.redisson.Version - Redisson 3.20.1
2024-03-05 14:19:45 [main] WARN  i.n.r.d.DnsServerAddressStreamProviders - Can not find io.netty.resolver.dns.macos.MacOSDnsServerAddressStreamProvider in the classpath, fallback to system defaults. This may result in incorrect DNS resolutions on MacOS. Check whether you have a dependency on 'io.netty:netty-resolver-dns-native-macos'
2024-03-05 14:19:45 [redisson-netty-2-6] INFO  o.r.c.p.MasterPubSubConnectionPool - 1 connections initialized for 43.142.255.148/43.142.255.148:6379
2024-03-05 14:19:46 [redisson-netty-2-3] INFO  o.r.c.pool.MasterConnectionPool - 8 connections initialized for 43.142.255.148/43.142.255.148:6379
2024-03-05 14:19:48 [main] INFO  io.undertow - starting server: Undertow - 2.2.28.Final
2024-03-05 14:19:48 [main] INFO  org.xnio - XNIO version 3.8.7.Final
2024-03-05 14:19:48 [main] INFO  org.xnio.nio - XNIO NIO Implementation Version 3.8.7.Final
2024-03-05 14:19:48 [main] INFO  org.jboss.threads - JBoss Threads version 3.1.0.Final
2024-03-05 14:19:48 [main] INFO  com.house.HouseApplication - Started HouseApplication in 9.663 seconds (JVM running for 10.686)
2024-03-05 14:19:49 [main] INFO  c.h.s.runner.SystemApplicationRunner - 初始化OSS配置成功
2024-03-05 14:19:49 [main] INFO  c.h.s.runner.SystemApplicationRunner - 加载参数缓存数据成功
2024-03-05 14:19:49 [main] INFO  c.h.s.runner.SystemApplicationRunner - 加载字典缓存数据成功
2024-03-05 14:19:49 [RMI TCP Connection(8)-192.168.1.6] INFO  io.undertow.servlet - Initializing Spring DispatcherServlet 'dispatcherServlet'
2024-03-05 14:20:13 [SpringApplicationShutdownHook] INFO  io.undertow - stopping server: Undertow - 2.2.28.Final
2024-03-05 14:20:13 [SpringApplicationShutdownHook] INFO  io.undertow.servlet - Destroying Spring FrameworkServlet 'dispatcherServlet'
2024-03-05 14:20:13 [SpringApplicationShutdownHook] INFO  c.h.f.manager.ShutdownManager - ====关闭后台任务任务线程池====
2024-03-05 14:20:13 [SpringApplicationShutdownHook] INFO  c.b.d.d.DynamicRoutingDataSource - dynamic-datasource start closing ....
2024-03-05 14:20:13 [SpringApplicationShutdownHook] INFO  com.zaxxer.hikari.HikariDataSource - master - Shutdown initiated...
2024-03-05 14:20:13 [SpringApplicationShutdownHook] INFO  com.zaxxer.hikari.HikariDataSource - master - Shutdown completed.
2024-03-05 14:20:13 [SpringApplicationShutdownHook] INFO  c.b.d.d.DynamicRoutingDataSource - dynamic-datasource all closed success,bye
2024-03-05 14:20:18 [main] INFO  com.house.HouseApplication - Starting HouseApplication using Java 21.0.1 on 192.168.1.6 with PID 71080 (/Library/PP/Java/github/bysj24/house/house/house-admin/target/classes started by panpan in /Library/PP/Java/github/bysj24/house/house)
2024-03-05 14:20:18 [background-preinit] INFO  o.h.validator.internal.util.Version - HV000001: Hibernate Validator 6.2.5.Final
2024-03-05 14:20:18 [main] INFO  com.house.HouseApplication - The following 1 profile is active: "dev"
2024-03-05 14:20:20 [main] INFO  io.undertow.servlet - Initializing Spring embedded WebApplicationContext
2024-03-05 14:20:20 [main] INFO  c.b.d.d.DynamicRoutingDataSource - dynamic-datasource detect P6SPY plugin and enabled it
2024-03-05 14:20:20 [main] INFO  com.zaxxer.hikari.HikariDataSource - master - Starting...
2024-03-05 14:20:21 [main] INFO  com.zaxxer.hikari.HikariDataSource - master - Start completed.
2024-03-05 14:20:21 [main] INFO  c.b.d.d.DynamicRoutingDataSource - dynamic-datasource - add a datasource named [slave] success
2024-03-05 14:20:21 [main] INFO  c.b.d.d.DynamicRoutingDataSource - dynamic-datasource - add a datasource named [master] success
2024-03-05 14:20:21 [main] INFO  c.b.d.d.DynamicRoutingDataSource - dynamic-datasource initial loaded [2] datasource,primary datasource named [master]
2024-03-05 14:20:22 [main] INFO  c.h.framework.config.JacksonConfig - 初始化 jackson 配置
2024-03-05 14:20:22 [main] INFO  c.house.framework.config.RedisConfig - 初始化 redis 配置
2024-03-05 14:20:22 [main] INFO  org.redisson.Version - Redisson 3.20.1
2024-03-05 14:20:23 [main] WARN  i.n.r.d.DnsServerAddressStreamProviders - Can not find io.netty.resolver.dns.macos.MacOSDnsServerAddressStreamProvider in the classpath, fallback to system defaults. This may result in incorrect DNS resolutions on MacOS. Check whether you have a dependency on 'io.netty:netty-resolver-dns-native-macos'
2024-03-05 14:20:23 [redisson-netty-2-6] INFO  o.r.c.p.MasterPubSubConnectionPool - 1 connections initialized for 43.142.255.148/43.142.255.148:6379
2024-03-05 14:20:23 [redisson-netty-2-3] INFO  o.r.c.pool.MasterConnectionPool - 8 connections initialized for 43.142.255.148/43.142.255.148:6379
2024-03-05 14:20:25 [main] INFO  io.undertow - starting server: Undertow - 2.2.28.Final
2024-03-05 14:20:25 [main] INFO  org.xnio - XNIO version 3.8.7.Final
2024-03-05 14:20:25 [main] INFO  org.xnio.nio - XNIO NIO Implementation Version 3.8.7.Final
2024-03-05 14:20:25 [main] INFO  org.jboss.threads - JBoss Threads version 3.1.0.Final
2024-03-05 14:20:25 [main] INFO  com.house.HouseApplication - Started HouseApplication in 8.11 seconds (JVM running for 9.011)
2024-03-05 14:20:26 [main] INFO  c.h.s.runner.SystemApplicationRunner - 初始化OSS配置成功
2024-03-05 14:20:26 [main] INFO  c.h.s.runner.SystemApplicationRunner - 加载参数缓存数据成功
2024-03-05 14:20:26 [main] INFO  c.h.s.runner.SystemApplicationRunner - 加载字典缓存数据成功
2024-03-05 14:20:27 [RMI TCP Connection(9)-192.168.1.6] INFO  io.undertow.servlet - Initializing Spring DispatcherServlet 'dispatcherServlet'
2024-03-05 14:20:28 [XNIO-1 task-1] INFO  c.h.f.i.PlusWebInvokeTimeInterceptor - [PLUS]开始请求 => URL[GET /test/test],无参数
2024-03-05 14:20:28 [XNIO-1 task-1] ERROR c.h.f.w.e.GlobalExceptionHandler - 请求地址'/test/test',认证失败'未能读取到有效 token',无法访问系统资源
2024-03-05 14:20:28 [XNIO-1 task-1] INFO  c.h.f.i.PlusWebInvokeTimeInterceptor - [PLUS]结束请求 => URL[GET /test/test],耗时:[40]毫秒
2024-03-05 14:20:29 [XNIO-1 task-1] INFO  c.h.f.i.PlusWebInvokeTimeInterceptor - [PLUS]开始请求 => URL[GET /favicon.ico],无参数
2024-03-05 14:20:29 [XNIO-1 task-1] INFO  c.h.f.i.PlusWebInvokeTimeInterceptor - [PLUS]结束请求 => URL[GET /favicon.ico],耗时:[3]毫秒
2024-03-05 14:20:29 [XNIO-1 task-1] INFO  c.h.f.i.PlusWebInvokeTimeInterceptor - [PLUS]开始请求 => URL[GET /error],无参数
2024-03-05 14:20:29 [XNIO-1 task-1] INFO  c.h.f.i.PlusWebInvokeTimeInterceptor - [PLUS]结束请求 => URL[GET /error],耗时:[23]毫秒
2024-03-05 14:20:42 [SpringApplicationShutdownHook] INFO  io.undertow - stopping server: Undertow - 2.2.28.Final
2024-03-05 14:20:42 [SpringApplicationShutdownHook] INFO  io.undertow.servlet - Destroying Spring FrameworkServlet 'dispatcherServlet'
2024-03-05 14:20:42 [SpringApplicationShutdownHook] INFO  c.h.f.manager.ShutdownManager - ====关闭后台任务任务线程池====
2024-03-05 14:20:42 [SpringApplicationShutdownHook] INFO  c.b.d.d.DynamicRoutingDataSource - dynamic-datasource start closing ....
2024-03-05 14:20:42 [SpringApplicationShutdownHook] INFO  com.zaxxer.hikari.HikariDataSource - master - Shutdown initiated...
2024-03-05 14:20:42 [SpringApplicationShutdownHook] INFO  com.zaxxer.hikari.HikariDataSource - master - Shutdown completed.
2024-03-05 14:20:42 [SpringApplicationShutdownHook] INFO  c.b.d.d.DynamicRoutingDataSource - dynamic-datasource all closed success,bye
2024-03-05 14:20:46 [main] INFO  com.house.HouseApplication - Starting HouseApplication using Java 21.0.1 on 192.168.1.6 with PID 71108 (/Library/PP/Java/github/bysj24/house/house/house-admin/target/classes started by panpan in /Library/PP/Java/github/bysj24/house/house)
2024-03-05 14:20:46 [main] INFO  com.house.HouseApplication - The following 1 profile is active: "dev"
2024-03-05 14:20:46 [background-preinit] INFO  o.h.validator.internal.util.Version - HV000001: Hibernate Validator 6.2.5.Final
2024-03-05 14:20:48 [main] INFO  io.undertow.servlet - Initializing Spring embedded WebApplicationContext
2024-03-05 14:20:48 [main] INFO  c.b.d.d.DynamicRoutingDataSource - dynamic-datasource detect P6SPY plugin and enabled it
2024-03-05 14:20:48 [main] INFO  com.zaxxer.hikari.HikariDataSource - master - Starting...
2024-03-05 14:20:49 [main] INFO  com.zaxxer.hikari.HikariDataSource - master - Start completed.
2024-03-05 14:20:49 [main] INFO  c.b.d.d.DynamicRoutingDataSource - dynamic-datasource - add a datasource named [slave] success
2024-03-05 14:20:49 [main] INFO  c.b.d.d.DynamicRoutingDataSource - dynamic-datasource - add a datasource named [master] success
2024-03-05 14:20:49 [main] INFO  c.b.d.d.DynamicRoutingDataSource - dynamic-datasource initial loaded [2] datasource,primary datasource named [master]
2024-03-05 14:20:50 [main] INFO  c.h.framework.config.JacksonConfig - 初始化 jackson 配置
2024-03-05 14:20:50 [main] INFO  c.house.framework.config.RedisConfig - 初始化 redis 配置
2024-03-05 14:20:50 [main] INFO  org.redisson.Version - Redisson 3.20.1
2024-03-05 14:20:50 [main] WARN  i.n.r.d.DnsServerAddressStreamProviders - Can not find io.netty.resolver.dns.macos.MacOSDnsServerAddressStreamProvider in the classpath, fallback to system defaults. This may result in incorrect DNS resolutions on MacOS. Check whether you have a dependency on 'io.netty:netty-resolver-dns-native-macos'
2024-03-05 14:20:51 [redisson-netty-2-6] INFO  o.r.c.p.MasterPubSubConnectionPool - 1 connections initialized for 43.142.255.148/43.142.255.148:6379
2024-03-05 14:20:51 [redisson-netty-2-3] INFO  o.r.c.pool.MasterConnectionPool - 8 connections initialized for 43.142.255.148/43.142.255.148:6379
2024-03-05 14:20:53 [main] INFO  io.undertow - starting server: Undertow - 2.2.28.Final
2024-03-05 14:20:53 [main] INFO  org.xnio - XNIO version 3.8.7.Final
2024-03-05 14:20:53 [main] INFO  org.xnio.nio - XNIO NIO Implementation Version 3.8.7.Final
2024-03-05 14:20:53 [main] INFO  org.jboss.threads - JBoss Threads version 3.1.0.Final
2024-03-05 14:20:53 [main] INFO  com.house.HouseApplication - Started HouseApplication in 8.106 seconds (JVM running for 8.882)
2024-03-05 14:20:54 [main] INFO  c.h.s.runner.SystemApplicationRunner - 初始化OSS配置成功
2024-03-05 14:20:54 [main] INFO  c.h.s.runner.SystemApplicationRunner - 加载参数缓存数据成功
2024-03-05 14:20:54 [main] INFO  c.h.s.runner.SystemApplicationRunner - 加载字典缓存数据成功
2024-03-05 14:20:54 [RMI TCP Connection(3)-192.168.1.6] INFO  io.undertow.servlet - Initializing Spring DispatcherServlet 'dispatcherServlet'
2024-03-05 14:21:09 [XNIO-1 task-1] INFO  c.h.f.i.PlusWebInvokeTimeInterceptor - [PLUS]开始请求 => URL[GET /test/test],无参数
2024-03-05 14:21:09 [XNIO-1 task-1] INFO  c.h.f.i.PlusWebInvokeTimeInterceptor - [PLUS]结束请求 => URL[GET /test/test],耗时:[26]毫秒
2024-03-05 14:22:57 [XNIO-1 task-1] INFO  c.h.f.i.PlusWebInvokeTimeInterceptor - [PLUS]开始请求 => URL[GET /getInfo],无参数
2024-03-05 14:22:57 [XNIO-1 task-1] ERROR c.h.f.w.e.GlobalExceptionHandler - 请求地址'/getInfo',认证失败'token 无效：eyJhbGciOiJIUzUxMiJ9.eyJsb2dpbl91c2VyX2tleSI6IjUyYzYyYmM5LWZmMzctNGIxMS1iMTZlLWRkYmIxNjk1MjMwOSJ9.MWSQpKMdGcVSOo5cv3sahLJBp8T-vNhs_WX3HcERUxvHi0qRahRvFMQ37q4zLWq005HauCEXdGPHTJQ7Xqf4qg',无法访问系统资源
2024-03-05 14:22:57 [XNIO-1 task-1] INFO  c.h.f.i.PlusWebInvokeTimeInterceptor - [PLUS]结束请求 => URL[GET /getInfo],耗时:[58]毫秒
2024-03-05 14:22:58 [XNIO-1 task-1] INFO  c.h.f.i.PlusWebInvokeTimeInterceptor - [PLUS]开始请求 => URL[POST /logout],无参数
2024-03-05 14:22:58 [XNIO-1 task-1] INFO  c.h.f.i.PlusWebInvokeTimeInterceptor - [PLUS]结束请求 => URL[POST /logout],耗时:[163]毫秒
2024-03-05 14:22:58 [XNIO-1 task-1] INFO  c.h.f.i.PlusWebInvokeTimeInterceptor - [PLUS]开始请求 => URL[GET /getInfo],无参数
2024-03-05 14:22:58 [XNIO-1 task-1] ERROR c.h.f.w.e.GlobalExceptionHandler - 请求地址'/getInfo',认证失败'token 无效：eyJhbGciOiJIUzUxMiJ9.eyJsb2dpbl91c2VyX2tleSI6IjUyYzYyYmM5LWZmMzctNGIxMS1iMTZlLWRkYmIxNjk1MjMwOSJ9.MWSQpKMdGcVSOo5cv3sahLJBp8T-vNhs_WX3HcERUxvHi0qRahRvFMQ37q4zLWq005HauCEXdGPHTJQ7Xqf4qg',无法访问系统资源
2024-03-05 14:22:58 [XNIO-1 task-1] INFO  c.h.f.i.PlusWebInvokeTimeInterceptor - [PLUS]结束请求 => URL[GET /getInfo],耗时:[29]毫秒
2024-03-05 14:22:58 [XNIO-1 task-1] INFO  c.h.f.i.PlusWebInvokeTimeInterceptor - [PLUS]开始请求 => URL[GET /captchaImage],无参数
2024-03-05 14:22:58 [XNIO-1 task-2] INFO  c.h.f.i.PlusWebInvokeTimeInterceptor - [PLUS]开始请求 => URL[POST /logout],无参数
2024-03-05 14:22:58 [XNIO-1 task-2] INFO  c.h.f.i.PlusWebInvokeTimeInterceptor - [PLUS]结束请求 => URL[POST /logout],耗时:[1]毫秒
2024-03-05 14:22:59 [XNIO-1 task-1] INFO  c.h.f.i.PlusWebInvokeTimeInterceptor - [PLUS]结束请求 => URL[GET /captchaImage],耗时:[1183]毫秒
2024-03-05 14:22:59 [XNIO-1 task-1] INFO  c.h.f.i.PlusWebInvokeTimeInterceptor - [PLUS]开始请求 => URL[GET /captchaImage],无参数
2024-03-05 14:23:00 [XNIO-1 task-1] INFO  c.h.f.i.PlusWebInvokeTimeInterceptor - [PLUS]结束请求 => URL[GET /captchaImage],耗时:[48]毫秒
2024-03-05 14:23:01 [XNIO-1 task-1] INFO  c.h.f.i.PlusWebInvokeTimeInterceptor - [PLUS]开始请求 => URL[POST /login],参数类型[json],参数:[{"username":"admin","password":"admin123","code":"3","uuid":"adf6a26108ae4fc1a36bf5f3d9d4321c"}]
2024-03-05 14:23:02 [XNIO-1 task-1] INFO  c.h.f.listener.UserActionListener - user doLogin, userId:sys_user:1, token:eyJ0eXAiOiJKV1QiLCJhbGciOiJIUzI1NiJ9.eyJsb2dpblR5cGUiOiJsb2dpbiIsImxvZ2luSWQiOiJzeXNfdXNlcjoxIiwicm5TdHIiOiJ5aVFOb24ybTJxUExuWG5CTGF3Y3lBNGF4T0RTRlZWSCIsInVzZXJJZCI6MX0.KUIdApshEG0Hl4Fyxyztv5gFc1GdNj7smh4Au1jCCmk
2024-03-05 14:23:02 [schedule-pool-1] INFO  c.h.s.s.i.SysLogininforServiceImpl - [0:0:0:0:0:0:0:1]内网IP[admin][Success][登录成功]
2024-03-05 14:23:02 [XNIO-1 task-1] INFO  c.h.f.i.PlusWebInvokeTimeInterceptor - [PLUS]结束请求 => URL[POST /login],耗时:[1159]毫秒
2024-03-05 14:23:02 [XNIO-1 task-1] INFO  c.h.f.i.PlusWebInvokeTimeInterceptor - [PLUS]开始请求 => URL[GET /getInfo],无参数
2024-03-05 14:23:03 [XNIO-1 task-1] INFO  c.h.f.i.PlusWebInvokeTimeInterceptor - [PLUS]结束请求 => URL[GET /getInfo],耗时:[298]毫秒
2024-03-05 14:23:03 [XNIO-1 task-1] INFO  c.h.f.i.PlusWebInvokeTimeInterceptor - [PLUS]开始请求 => URL[GET /getRouters],无参数
2024-03-05 14:23:03 [XNIO-1 task-1] INFO  c.h.f.i.PlusWebInvokeTimeInterceptor - [PLUS]结束请求 => URL[GET /getRouters],耗时:[168]毫秒
2024-03-05 14:24:15 [XNIO-1 task-1] INFO  c.h.f.i.PlusWebInvokeTimeInterceptor - [PLUS]开始请求 => URL[GET /],无参数
2024-03-05 14:24:15 [XNIO-1 task-1] INFO  c.h.f.i.PlusWebInvokeTimeInterceptor - [PLUS]结束请求 => URL[GET /],耗时:[1]毫秒
2024-03-05 14:25:46 [XNIO-1 task-1] INFO  c.h.f.i.PlusWebInvokeTimeInterceptor - [PLUS]开始请求 => URL[GET /monitor/cache/getNames],无参数
2024-03-05 14:25:46 [XNIO-1 task-1] ERROR c.h.f.w.e.GlobalExceptionHandler - 请求地址'/monitor/cache/getNames',认证失败'token 无效：eyJ0eXAiOiJKV1QiLCJhbGciOiJIUzI1NiJ9.eyJsb2dpblR5cGUiOiJsb2dpbiIsImxvZ2luSWQiOiJzeXNfdXNlcjoxIiwicm5TdHIiOiJ5aVFOb24ybTJxUExuWG5CTGF3Y3lBNGF4T0RTRlZWSCIsInVzZXJJZCI6MX0.KUIdApshEG0Hl4Fyxyztv5gFc1GdNj7smh4Au1jCCmk',无法访问系统资源
2024-03-05 14:25:46 [XNIO-1 task-1] INFO  c.h.f.i.PlusWebInvokeTimeInterceptor - [PLUS]结束请求 => URL[GET /monitor/cache/getNames],耗时:[20]毫秒
2024-03-05 14:25:48 [XNIO-1 task-1] INFO  c.h.f.i.PlusWebInvokeTimeInterceptor - [PLUS]开始请求 => URL[POST /logout],无参数
2024-03-05 14:25:48 [XNIO-1 task-1] INFO  c.h.f.i.PlusWebInvokeTimeInterceptor - [PLUS]结束请求 => URL[POST /logout],耗时:[87]毫秒
2024-03-05 14:25:49 [XNIO-1 task-1] INFO  c.h.f.i.PlusWebInvokeTimeInterceptor - [PLUS]开始请求 => URL[GET /captchaImage],无参数
2024-03-05 14:25:49 [XNIO-1 task-1] INFO  c.h.f.i.PlusWebInvokeTimeInterceptor - [PLUS]结束请求 => URL[GET /captchaImage],耗时:[118]毫秒
2024-03-05 14:25:51 [XNIO-1 task-1] INFO  c.h.f.i.PlusWebInvokeTimeInterceptor - [PLUS]开始请求 => URL[POST /login],参数类型[json],参数:[{"username":"admin","password":"admin123","code":"9","uuid":"60c3a8a13b29401aa8158ec8b62958d8"}]
2024-03-05 14:25:52 [XNIO-1 task-1] INFO  c.h.f.listener.UserActionListener - user doLogin, userId:sys_user:1, token:eyJ0eXAiOiJKV1QiLCJhbGciOiJIUzI1NiJ9.eyJsb2dpblR5cGUiOiJsb2dpbiIsImxvZ2luSWQiOiJzeXNfdXNlcjoxIiwicm5TdHIiOiJzc3d5S1pGVTRpMmtLR3FOZW9kOHkzZEdnWXRwNVVDRiIsInVzZXJJZCI6MX0.Kaywip9qV6IOvPfR7_PUDcTC2ILAhlkntOI4ieoDQnc
2024-03-05 14:25:52 [schedule-pool-1] INFO  c.h.s.s.i.SysLogininforServiceImpl - [0:0:0:0:0:0:0:1]内网IP[admin][Success][登录成功]
2024-03-05 14:25:52 [XNIO-1 task-1] INFO  c.h.f.i.PlusWebInvokeTimeInterceptor - [PLUS]结束请求 => URL[POST /login],耗时:[763]毫秒
2024-03-05 14:25:52 [XNIO-1 task-1] INFO  c.h.f.i.PlusWebInvokeTimeInterceptor - [PLUS]开始请求 => URL[GET /getInfo],无参数
2024-03-05 14:25:52 [XNIO-1 task-1] INFO  c.h.f.i.PlusWebInvokeTimeInterceptor - [PLUS]结束请求 => URL[GET /getInfo],耗时:[260]毫秒
2024-03-05 14:25:52 [XNIO-1 task-1] INFO  c.h.f.i.PlusWebInvokeTimeInterceptor - [PLUS]开始请求 => URL[GET /getRouters],无参数
2024-03-05 14:25:53 [XNIO-1 task-1] INFO  c.h.f.i.PlusWebInvokeTimeInterceptor - [PLUS]结束请求 => URL[GET /getRouters],耗时:[162]毫秒
2024-03-05 14:25:56 [XNIO-1 task-1] INFO  c.h.f.i.PlusWebInvokeTimeInterceptor - [PLUS]开始请求 => URL[GET /monitor/cache/getNames],无参数
2024-03-05 14:25:56 [XNIO-1 task-1] INFO  c.h.f.i.PlusWebInvokeTimeInterceptor - [PLUS]结束请求 => URL[GET /monitor/cache/getNames],耗时:[317]毫秒
2024-03-05 14:25:58 [XNIO-1 task-1] INFO  c.h.f.i.PlusWebInvokeTimeInterceptor - [PLUS]开始请求 => URL[GET /monitor/cache],无参数
2024-03-05 14:25:59 [XNIO-1 task-1] INFO  c.h.f.i.PlusWebInvokeTimeInterceptor - [PLUS]结束请求 => URL[GET /monitor/cache],耗时:[400]毫秒
2024-03-05 14:26:00 [XNIO-1 task-1] INFO  c.h.f.i.PlusWebInvokeTimeInterceptor - [PLUS]开始请求 => URL[GET /monitor/online/list],无参数
2024-03-05 14:26:01 [XNIO-1 task-1] INFO  c.h.f.i.PlusWebInvokeTimeInterceptor - [PLUS]结束请求 => URL[GET /monitor/online/list],耗时:[416]毫秒
2024-03-05 14:26:16 [XNIO-1 task-1] INFO  c.h.f.i.PlusWebInvokeTimeInterceptor - [PLUS]开始请求 => URL[GET /getInfo],无参数
2024-03-05 14:26:17 [XNIO-1 task-1] INFO  c.h.f.i.PlusWebInvokeTimeInterceptor - [PLUS]结束请求 => URL[GET /getInfo],耗时:[287]毫秒
2024-03-05 14:26:17 [XNIO-1 task-1] INFO  c.h.f.i.PlusWebInvokeTimeInterceptor - [PLUS]开始请求 => URL[GET /getRouters],无参数
2024-03-05 14:26:17 [XNIO-1 task-1] INFO  c.h.f.i.PlusWebInvokeTimeInterceptor - [PLUS]结束请求 => URL[GET /getRouters],耗时:[154]毫秒
2024-03-05 14:26:20 [XNIO-1 task-1] INFO  c.h.f.i.PlusWebInvokeTimeInterceptor - [PLUS]开始请求 => URL[GET /monitor/online/list],无参数
2024-03-05 14:26:20 [XNIO-1 task-1] INFO  c.h.f.i.PlusWebInvokeTimeInterceptor - [PLUS]结束请求 => URL[GET /monitor/online/list],耗时:[397]毫秒
2024-03-05 14:26:21 [XNIO-1 task-1] INFO  c.h.f.i.PlusWebInvokeTimeInterceptor - [PLUS]开始请求 => URL[GET /getInfo],无参数
2024-03-05 14:26:21 [XNIO-1 task-1] INFO  c.h.f.i.PlusWebInvokeTimeInterceptor - [PLUS]结束请求 => URL[GET /getInfo],耗时:[285]毫秒
2024-03-05 14:26:21 [XNIO-1 task-1] INFO  c.h.f.i.PlusWebInvokeTimeInterceptor - [PLUS]开始请求 => URL[GET /getRouters],无参数
2024-03-05 14:26:21 [XNIO-1 task-1] INFO  c.h.f.i.PlusWebInvokeTimeInterceptor - [PLUS]结束请求 => URL[GET /getRouters],耗时:[154]毫秒
2024-03-05 14:26:22 [XNIO-1 task-1] INFO  c.h.f.i.PlusWebInvokeTimeInterceptor - [PLUS]开始请求 => URL[GET /monitor/online/list],无参数
2024-03-05 14:26:22 [XNIO-1 task-1] INFO  c.h.f.i.PlusWebInvokeTimeInterceptor - [PLUS]结束请求 => URL[GET /monitor/online/list],耗时:[394]毫秒
2024-03-05 14:26:23 [XNIO-1 task-1] INFO  c.h.f.i.PlusWebInvokeTimeInterceptor - [PLUS]开始请求 => URL[GET /monitor/cache/getNames],无参数
2024-03-05 14:26:23 [XNIO-1 task-1] INFO  c.h.f.i.PlusWebInvokeTimeInterceptor - [PLUS]结束请求 => URL[GET /monitor/cache/getNames],耗时:[317]毫秒
2024-03-05 14:26:25 [XNIO-1 task-1] INFO  c.h.f.i.PlusWebInvokeTimeInterceptor - [PLUS]开始请求 => URL[GET /tool/gen/list],参数类型[param],参数:[{"pageSize":["10"],"dataName":["master"],"pageNum":["1"]}]
2024-03-05 14:26:25 [XNIO-1 task-1] INFO  c.h.f.i.PlusWebInvokeTimeInterceptor - [PLUS]结束请求 => URL[GET /tool/gen/list],耗时:[434]毫秒
2024-03-05 14:26:26 [XNIO-1 task-1] INFO  c.h.f.i.PlusWebInvokeTimeInterceptor - [PLUS]开始请求 => URL[GET /tool/gen/db/list],参数类型[param],参数:[{"pageSize":["10"],"pageNum":["1"]}]
2024-03-05 14:26:27 [XNIO-1 task-1] INFO  c.h.f.i.PlusWebInvokeTimeInterceptor - [PLUS]结束请求 => URL[GET /tool/gen/db/list],耗时:[423]毫秒
2024-03-05 14:26:37 [XNIO-1 task-1] INFO  c.h.f.i.PlusWebInvokeTimeInterceptor - [PLUS]开始请求 => URL[POST /tool/gen/importTable],参数类型[param],参数:[{"tables":["house_village,house_image,house_room,house_user,house_feature,house_heart,cms_feedback,cms_article"]}]
2024-03-05 14:26:39 [XNIO-1 task-1] INFO  c.h.f.i.PlusWebInvokeTimeInterceptor - [PLUS]结束请求 => URL[POST /tool/gen/importTable],耗时:[2552]毫秒
2024-03-05 14:26:39 [XNIO-1 task-1] INFO  c.h.f.i.PlusWebInvokeTimeInterceptor - [PLUS]开始请求 => URL[GET /tool/gen/list],参数类型[param],参数:[{"pageSize":["10"],"dataName":["master"],"pageNum":["1"]}]
2024-03-05 14:26:40 [XNIO-1 task-1] INFO  c.h.f.i.PlusWebInvokeTimeInterceptor - [PLUS]结束请求 => URL[GET /tool/gen/list],耗时:[360]毫秒
